[0.015s] Invoking command in '/home/vagrant/turtlebot3_ws/build/custom_interface': CMAKE_PREFIX_PATH=${CMAKE_PREFIX_PATH}:/home/vagrant/turtlebot3_ws/install/my_first_subscriber:/home/vagrant/turtlebot3_ws/install/my_first_publisher:/opt/ros/foxy PS1=\[\e]0;\u@\h: \w\a\]${debian_chroot:+($debian_chroot)}\[\033[01;32m\]\u@\h\[\033[00m\]:\[\033[01;34m\]\w\[\033[00m\]\$ /usr/bin/cmake --build /home/vagrant/turtlebot3_ws/build/custom_interface -- -j2 -l2
[0.064s] [  3%] Built target custom_interface__cpp
[0.064s] [ 12%] Built target custom_interface__rosidl_generator_c
[0.081s] [ 29%] Built target custom_interface__rosidl_typesupport_introspection_cpp
[0.081s] [ 32%] Built target custom_interface__rosidl_typesupport_cpp
[0.099s] [ 41%] Built target custom_interface__rosidl_typesupport_introspection_c
[0.105s] [ 51%] Built target custom_interface__rosidl_typesupport_fastrtps_cpp
[0.119s] [ 61%] Built target custom_interface__rosidl_typesupport_c
[0.132s] [ 70%] Built target custom_interface__rosidl_typesupport_fastrtps_c
[0.147s] [ 70%] Built target custom_interface
[0.161s] [ 74%] Built target custom_interface__py
[0.180s] [ 80%] Built target custom_interface__python
[0.200s] [ 87%] Built target custom_interface__rosidl_typesupport_c__pyext
[0.206s] [ 93%] Built target custom_interface__rosidl_typesupport_introspection_c__pyext
[0.224s] [100%] Built target custom_interface__rosidl_typesupport_fastrtps_c__pyext
[0.235s] Invoked command in '/home/vagrant/turtlebot3_ws/build/custom_interface' returned '0': CMAKE_PREFIX_PATH=${CMAKE_PREFIX_PATH}:/home/vagrant/turtlebot3_ws/install/my_first_subscriber:/home/vagrant/turtlebot3_ws/install/my_first_publisher:/opt/ros/foxy PS1=\[\e]0;\u@\h: \w\a\]${debian_chroot:+($debian_chroot)}\[\033[01;32m\]\u@\h\[\033[00m\]:\[\033[01;34m\]\w\[\033[00m\]\$ /usr/bin/cmake --build /home/vagrant/turtlebot3_ws/build/custom_interface -- -j2 -l2
[0.278s] Invoking command in '/home/vagrant/turtlebot3_ws/build/custom_interface': CMAKE_PREFIX_PATH=${CMAKE_PREFIX_PATH}:/home/vagrant/turtlebot3_ws/install/my_first_subscriber:/home/vagrant/turtlebot3_ws/install/my_first_publisher:/opt/ros/foxy PS1=\[\e]0;\u@\h: \w\a\]${debian_chroot:+($debian_chroot)}\[\033[01;32m\]\u@\h\[\033[00m\]:\[\033[01;34m\]\w\[\033[00m\]\$ /usr/bin/cmake --install /home/vagrant/turtlebot3_ws/build/custom_interface
[0.294s] -- Install configuration: ""
[0.294s] -- Up-to-date: /home/vagrant/turtlebot3_ws/install/custom_interface/share/ament_index/resource_index/rosidl_interfaces/custom_interface
[0.294s] -- Up-to-date: /home/vagrant/turtlebot3_ws/install/custom_interface/include/custom_interface
[0.294s] -- Up-to-date: /home/vagrant/turtlebot3_ws/install/custom_interface/include/custom_interface/msg
[0.294s] -- Up-to-date: /home/vagrant/turtlebot3_ws/install/custom_interface/include/custom_interface/msg/distvel.h
[0.294s] -- Up-to-date: /home/vagrant/turtlebot3_ws/install/custom_interface/include/custom_interface/msg/rosidl_generator_c__visibility_control.h
[0.294s] -- Up-to-date: /home/vagrant/turtlebot3_ws/install/custom_interface/include/custom_interface/msg/detail
[0.295s] -- Up-to-date: /home/vagrant/turtlebot3_ws/install/custom_interface/include/custom_interface/msg/detail/distvel__functions.h
[0.295s] -- Up-to-date: /home/vagrant/turtlebot3_ws/install/custom_interface/include/custom_interface/msg/detail/distvel__functions.c
[0.295s] -- Up-to-date: /home/vagrant/turtlebot3_ws/install/custom_interface/include/custom_interface/msg/detail/distvel__type_support.h
[0.295s] -- Up-to-date: /home/vagrant/turtlebot3_ws/install/custom_interface/include/custom_interface/msg/detail/distvel__struct.h
[0.295s] -- Up-to-date: /home/vagrant/turtlebot3_ws/install/custom_interface/share/custom_interface/environment/library_path.sh
[0.295s] -- Up-to-date: /home/vagrant/turtlebot3_ws/install/custom_interface/share/custom_interface/environment/library_path.dsv
[0.295s] -- Up-to-date: /home/vagrant/turtlebot3_ws/install/custom_interface/lib/libcustom_interface__rosidl_generator_c.so
[0.295s] -- Up-to-date: /home/vagrant/turtlebot3_ws/install/custom_interface/include/custom_interface
[0.295s] -- Up-to-date: /home/vagrant/turtlebot3_ws/install/custom_interface/include/custom_interface/msg
[0.295s] -- Up-to-date: /home/vagrant/turtlebot3_ws/install/custom_interface/include/custom_interface/msg/rosidl_typesupport_fastrtps_c__visibility_control.h
[0.295s] -- Up-to-date: /home/vagrant/turtlebot3_ws/install/custom_interface/include/custom_interface/msg/detail
[0.295s] -- Up-to-date: /home/vagrant/turtlebot3_ws/install/custom_interface/include/custom_interface/msg/detail/distvel__rosidl_typesupport_fastrtps_c.h
[0.295s] -- Up-to-date: /home/vagrant/turtlebot3_ws/install/custom_interface/lib/libcustom_interface__rosidl_typesupport_fastrtps_c.so
[0.295s] -- Up-to-date: /home/vagrant/turtlebot3_ws/install/custom_interface/include/custom_interface
[0.295s] -- Up-to-date: /home/vagrant/turtlebot3_ws/install/custom_interface/include/custom_interface/msg
[0.295s] -- Up-to-date: /home/vagrant/turtlebot3_ws/install/custom_interface/include/custom_interface/msg/rosidl_typesupport_fastrtps_cpp__visibility_control.h
[0.296s] -- Up-to-date: /home/vagrant/turtlebot3_ws/install/custom_interface/include/custom_interface/msg/detail
[0.296s] -- Up-to-date: /home/vagrant/turtlebot3_ws/install/custom_interface/include/custom_interface/msg/detail/dds_fastrtps
[0.296s] -- Up-to-date: /home/vagrant/turtlebot3_ws/install/custom_interface/include/custom_interface/msg/detail/distvel__rosidl_typesupport_fastrtps_cpp.hpp
[0.296s] -- Up-to-date: /home/vagrant/turtlebot3_ws/install/custom_interface/lib/libcustom_interface__rosidl_typesupport_fastrtps_cpp.so
[0.296s] -- Up-to-date: /home/vagrant/turtlebot3_ws/install/custom_interface/include/custom_interface
[0.296s] -- Up-to-date: /home/vagrant/turtlebot3_ws/install/custom_interface/include/custom_interface/msg
[0.296s] -- Up-to-date: /home/vagrant/turtlebot3_ws/install/custom_interface/include/custom_interface/msg/rosidl_typesupport_introspection_c__visibility_control.h
[0.296s] -- Up-to-date: /home/vagrant/turtlebot3_ws/install/custom_interface/include/custom_interface/msg/detail
[0.296s] -- Up-to-date: /home/vagrant/turtlebot3_ws/install/custom_interface/include/custom_interface/msg/detail/distvel__type_support.c
[0.296s] -- Up-to-date: /home/vagrant/turtlebot3_ws/install/custom_interface/include/custom_interface/msg/detail/distvel__rosidl_typesupport_introspection_c.h
[0.296s] -- Up-to-date: /home/vagrant/turtlebot3_ws/install/custom_interface/lib/libcustom_interface__rosidl_typesupport_introspection_c.so
[0.296s] -- Up-to-date: /home/vagrant/turtlebot3_ws/install/custom_interface/lib/libcustom_interface__rosidl_typesupport_c.so
[0.296s] -- Up-to-date: /home/vagrant/turtlebot3_ws/install/custom_interface/include/custom_interface
[0.296s] -- Up-to-date: /home/vagrant/turtlebot3_ws/install/custom_interface/include/custom_interface/msg
[0.296s] -- Up-to-date: /home/vagrant/turtlebot3_ws/install/custom_interface/include/custom_interface/msg/distvel.hpp
[0.297s] -- Up-to-date: /home/vagrant/turtlebot3_ws/install/custom_interface/include/custom_interface/msg/detail
[0.297s] -- Up-to-date: /home/vagrant/turtlebot3_ws/install/custom_interface/include/custom_interface/msg/detail/distvel__struct.hpp
[0.297s] -- Up-to-date: /home/vagrant/turtlebot3_ws/install/custom_interface/include/custom_interface/msg/detail/distvel__traits.hpp
[0.297s] -- Up-to-date: /home/vagrant/turtlebot3_ws/install/custom_interface/include/custom_interface/msg/detail/distvel__builder.hpp
[0.297s] -- Up-to-date: /home/vagrant/turtlebot3_ws/install/custom_interface/include/custom_interface
[0.297s] -- Up-to-date: /home/vagrant/turtlebot3_ws/install/custom_interface/include/custom_interface/msg
[0.297s] -- Up-to-date: /home/vagrant/turtlebot3_ws/install/custom_interface/include/custom_interface/msg/detail
[0.297s] -- Up-to-date: /home/vagrant/turtlebot3_ws/install/custom_interface/include/custom_interface/msg/detail/distvel__rosidl_typesupport_introspection_cpp.hpp
[0.297s] -- Up-to-date: /home/vagrant/turtlebot3_ws/install/custom_interface/include/custom_interface/msg/detail/distvel__type_support.cpp
[0.297s] -- Up-to-date: /home/vagrant/turtlebot3_ws/install/custom_interface/lib/libcustom_interface__rosidl_typesupport_introspection_cpp.so
[0.297s] -- Up-to-date: /home/vagrant/turtlebot3_ws/install/custom_interface/lib/libcustom_interface__rosidl_typesupport_cpp.so
[0.297s] -- Up-to-date: /home/vagrant/turtlebot3_ws/install/custom_interface/share/custom_interface/environment/pythonpath.sh
[0.297s] -- Up-to-date: /home/vagrant/turtlebot3_ws/install/custom_interface/share/custom_interface/environment/pythonpath.dsv
[0.297s] -- Up-to-date: /home/vagrant/turtlebot3_ws/install/custom_interface/lib/python3.8/site-packages/custom_interface/__init__.py
[0.321s] -- Up-to-date: /home/vagrant/turtlebot3_ws/install/custom_interface/lib/python3.8/site-packages/custom_interface/msg
[0.322s] -- Up-to-date: /home/vagrant/turtlebot3_ws/install/custom_interface/lib/python3.8/site-packages/custom_interface/msg/_distvel.py
[0.322s] -- Up-to-date: /home/vagrant/turtlebot3_ws/install/custom_interface/lib/python3.8/site-packages/custom_interface/msg/_distvel_s.c
[0.322s] -- Up-to-date: /home/vagrant/turtlebot3_ws/install/custom_interface/lib/python3.8/site-packages/custom_interface/msg/__init__.py
[0.322s] -- Up-to-date: /home/vagrant/turtlebot3_ws/install/custom_interface/lib/python3.8/site-packages/custom_interface/custom_interface_s__rosidl_typesupport_fastrtps_c.cpython-38-x86_64-linux-gnu.so
[0.322s] -- Up-to-date: /home/vagrant/turtlebot3_ws/install/custom_interface/lib/python3.8/site-packages/custom_interface/custom_interface_s__rosidl_typesupport_introspection_c.cpython-38-x86_64-linux-gnu.so
[0.323s] -- Up-to-date: /home/vagrant/turtlebot3_ws/install/custom_interface/lib/python3.8/site-packages/custom_interface/custom_interface_s__rosidl_typesupport_c.cpython-38-x86_64-linux-gnu.so
[0.323s] -- Up-to-date: /home/vagrant/turtlebot3_ws/install/custom_interface/lib/libcustom_interface__python.so
[0.323s] -- Up-to-date: /home/vagrant/turtlebot3_ws/install/custom_interface/share/custom_interface/msg/Distvel.idl
[0.323s] -- Up-to-date: /home/vagrant/turtlebot3_ws/install/custom_interface/share/custom_interface/msg/Distvel.msg
[0.323s] -- Up-to-date: /home/vagrant/turtlebot3_ws/install/custom_interface/share/ament_index/resource_index/package_run_dependencies/custom_interface
[0.323s] -- Up-to-date: /home/vagrant/turtlebot3_ws/install/custom_interface/share/ament_index/resource_index/parent_prefix_path/custom_interface
[0.323s] -- Up-to-date: /home/vagrant/turtlebot3_ws/install/custom_interface/share/custom_interface/environment/ament_prefix_path.sh
[0.323s] -- Up-to-date: /home/vagrant/turtlebot3_ws/install/custom_interface/share/custom_interface/environment/ament_prefix_path.dsv
[0.324s] -- Up-to-date: /home/vagrant/turtlebot3_ws/install/custom_interface/share/custom_interface/environment/path.sh
[0.324s] -- Up-to-date: /home/vagrant/turtlebot3_ws/install/custom_interface/share/custom_interface/environment/path.dsv
[0.324s] -- Up-to-date: /home/vagrant/turtlebot3_ws/install/custom_interface/share/custom_interface/local_setup.bash
[0.324s] -- Up-to-date: /home/vagrant/turtlebot3_ws/install/custom_interface/share/custom_interface/local_setup.sh
[0.324s] -- Up-to-date: /home/vagrant/turtlebot3_ws/install/custom_interface/share/custom_interface/local_setup.zsh
[0.324s] -- Up-to-date: /home/vagrant/turtlebot3_ws/install/custom_interface/share/custom_interface/local_setup.dsv
[0.324s] -- Installing: /home/vagrant/turtlebot3_ws/install/custom_interface/share/custom_interface/package.dsv
[0.324s] -- Up-to-date: /home/vagrant/turtlebot3_ws/install/custom_interface/share/ament_index/resource_index/packages/custom_interface
[0.324s] -- Up-to-date: /home/vagrant/turtlebot3_ws/install/custom_interface/share/custom_interface/cmake/custom_interface__rosidl_generator_cExport.cmake
[0.324s] -- Up-to-date: /home/vagrant/turtlebot3_ws/install/custom_interface/share/custom_interface/cmake/custom_interface__rosidl_generator_cExport-noconfig.cmake
[0.324s] -- Up-to-date: /home/vagrant/turtlebot3_ws/install/custom_interface/share/custom_interface/cmake/custom_interface__rosidl_typesupport_introspection_cExport.cmake
[0.324s] -- Up-to-date: /home/vagrant/turtlebot3_ws/install/custom_interface/share/custom_interface/cmake/custom_interface__rosidl_typesupport_introspection_cExport-noconfig.cmake
[0.324s] -- Up-to-date: /home/vagrant/turtlebot3_ws/install/custom_interface/share/custom_interface/cmake/custom_interface__rosidl_typesupport_cExport.cmake
[0.325s] -- Up-to-date: /home/vagrant/turtlebot3_ws/install/custom_interface/share/custom_interface/cmake/custom_interface__rosidl_typesupport_cExport-noconfig.cmake
[0.325s] -- Up-to-date: /home/vagrant/turtlebot3_ws/install/custom_interface/share/custom_interface/cmake/custom_interface__rosidl_generator_cppExport.cmake
[0.325s] -- Up-to-date: /home/vagrant/turtlebot3_ws/install/custom_interface/share/custom_interface/cmake/custom_interface__rosidl_typesupport_introspection_cppExport.cmake
[0.325s] -- Up-to-date: /home/vagrant/turtlebot3_ws/install/custom_interface/share/custom_interface/cmake/custom_interface__rosidl_typesupport_introspection_cppExport-noconfig.cmake
[0.325s] -- Up-to-date: /home/vagrant/turtlebot3_ws/install/custom_interface/share/custom_interface/cmake/custom_interface__rosidl_typesupport_cppExport.cmake
[0.325s] -- Up-to-date: /home/vagrant/turtlebot3_ws/install/custom_interface/share/custom_interface/cmake/custom_interface__rosidl_typesupport_cppExport-noconfig.cmake
[0.325s] -- Up-to-date: /home/vagrant/turtlebot3_ws/install/custom_interface/share/custom_interface/cmake/rosidl_cmake-extras.cmake
[0.325s] -- Up-to-date: /home/vagrant/turtlebot3_ws/install/custom_interface/share/custom_interface/cmake/ament_cmake_export_dependencies-extras.cmake
[0.325s] -- Up-to-date: /home/vagrant/turtlebot3_ws/install/custom_interface/share/custom_interface/cmake/ament_cmake_export_libraries-extras.cmake
[0.325s] -- Up-to-date: /home/vagrant/turtlebot3_ws/install/custom_interface/share/custom_interface/cmake/ament_cmake_export_targets-extras.cmake
[0.325s] -- Up-to-date: /home/vagrant/turtlebot3_ws/install/custom_interface/share/custom_interface/cmake/ament_cmake_export_include_directories-extras.cmake
[0.326s] -- Up-to-date: /home/vagrant/turtlebot3_ws/install/custom_interface/share/custom_interface/cmake/rosidl_cmake_export_typesupport_libraries-extras.cmake
[0.326s] -- Up-to-date: /home/vagrant/turtlebot3_ws/install/custom_interface/share/custom_interface/cmake/rosidl_cmake_export_typesupport_targets-extras.cmake
[0.326s] -- Up-to-date: /home/vagrant/turtlebot3_ws/install/custom_interface/share/custom_interface/cmake/custom_interfaceConfig.cmake
[0.326s] -- Up-to-date: /home/vagrant/turtlebot3_ws/install/custom_interface/share/custom_interface/cmake/custom_interfaceConfig-version.cmake
[0.326s] -- Up-to-date: /home/vagrant/turtlebot3_ws/install/custom_interface/share/custom_interface/package.xml
[0.333s] Invoked command in '/home/vagrant/turtlebot3_ws/build/custom_interface' returned '0': CMAKE_PREFIX_PATH=${CMAKE_PREFIX_PATH}:/home/vagrant/turtlebot3_ws/install/my_first_subscriber:/home/vagrant/turtlebot3_ws/install/my_first_publisher:/opt/ros/foxy PS1=\[\e]0;\u@\h: \w\a\]${debian_chroot:+($debian_chroot)}\[\033[01;32m\]\u@\h\[\033[00m\]:\[\033[01;34m\]\w\[\033[00m\]\$ /usr/bin/cmake --install /home/vagrant/turtlebot3_ws/build/custom_interface
