[0.015s] Invoking command in '/home/vagrant/turtlebot3_ws/build/turtlebot3_fake_node': CMAKE_PREFIX_PATH=${CMAKE_PREFIX_PATH}:/home/vagrant/turtlebot3_ws/install/my_first_subscriber:/home/vagrant/turtlebot3_ws/install/my_first_publisher:/opt/ros/foxy PS1=\[\e]0;\u@\h: \w\a\]${debian_chroot:+($debian_chroot)}\[\033[01;32m\]\u@\h\[\033[00m\]:\[\033[01;34m\]\w\[\033[00m\]\$ /usr/bin/cmake /home/vagrant/turtlebot3_ws/src/turtlebot3_simulations/turtlebot3_fake_node -DCMAKE_INSTALL_PREFIX=/home/vagrant/turtlebot3_ws/install/turtlebot3_fake_node
[0.116s] -- The C compiler identification is GNU 9.3.0
[0.171s] -- The CXX compiler identification is GNU 9.3.0
[0.174s] -- Check for working C compiler: /usr/bin/cc
[0.222s] -- Check for working C compiler: /usr/bin/cc -- works
[0.223s] -- Detecting C compiler ABI info
[0.274s] -- Detecting C compiler ABI info - done
[0.282s] -- Detecting C compile features
[0.282s] -- Detecting C compile features - done
[0.284s] -- Check for working CXX compiler: /usr/bin/c++
[0.345s] -- Check for working CXX compiler: /usr/bin/c++ -- works
[0.346s] -- Detecting CXX compiler ABI info
[0.405s] -- Detecting CXX compiler ABI info - done
[0.411s] -- Detecting CXX compile features
[0.412s] -- Detecting CXX compile features - done
[0.414s] -- Found ament_cmake: 0.9.9 (/opt/ros/foxy/share/ament_cmake/cmake)
[0.432s] -- Found PythonInterp: /usr/bin/python3 (found suitable version "3.8.10", minimum required is "3") 
[0.433s] -- Using PYTHON_EXECUTABLE: /usr/bin/python3
[0.573s] -- Found geometry_msgs: 2.0.4 (/opt/ros/foxy/share/geometry_msgs/cmake)
[0.598s] -- Using all available rosidl_typesupport_c: rosidl_typesupport_fastrtps_c;rosidl_typesupport_introspection_c
[0.603s] -- Found rosidl_adapter: 1.2.1 (/opt/ros/foxy/share/rosidl_adapter/cmake)
[0.660s] -- Found OpenSSL: /usr/lib/x86_64-linux-gnu/libcrypto.so (found version "1.1.1f")  
[0.686s] -- Found FastRTPS: /opt/ros/foxy/include  
[0.751s] -- Using all available rosidl_typesupport_cpp: rosidl_typesupport_fastrtps_cpp;rosidl_typesupport_introspection_cpp
[0.813s] -- Found nav_msgs: 2.0.4 (/opt/ros/foxy/share/nav_msgs/cmake)
[0.867s] -- Found rclcpp: 2.4.0 (/opt/ros/foxy/share/rclcpp/cmake)
[0.900s] -- Found rmw_implementation_cmake: 1.0.3 (/opt/ros/foxy/share/rmw_implementation_cmake/cmake)
[0.902s] -- Using RMW implementation 'rmw_fastrtps_cpp' as default
[0.902s] -- Looking for pthread.h
[0.959s] -- Looking for pthread.h - found
[0.961s] -- Performing Test CMAKE_HAVE_LIBC_PTHREAD
[1.021s] -- Performing Test CMAKE_HAVE_LIBC_PTHREAD - Failed
[1.021s] -- Looking for pthread_create in pthreads
[1.068s] -- Looking for pthread_create in pthreads - not found
[1.069s] -- Looking for pthread_create in pthread
[1.120s] -- Looking for pthread_create in pthread - found
[1.121s] -- Found Threads: TRUE  
[1.235s] -- Found sensor_msgs: 2.0.4 (/opt/ros/foxy/share/sensor_msgs/cmake)
[1.291s] -- Found tf2: 0.13.12 (/opt/ros/foxy/share/tf2/cmake)
[1.299s] -- Found tf2_msgs: 0.13.12 (/opt/ros/foxy/share/tf2_msgs/cmake)
[1.444s] -- Found turtlebot3_msgs: 2.2.1 (/opt/ros/foxy/share/turtlebot3_msgs/cmake)
[1.561s] -- Configuring done
[1.570s] -- Generating done
[1.571s] -- Build files have been written to: /home/vagrant/turtlebot3_ws/build/turtlebot3_fake_node
[1.579s] Invoked command in '/home/vagrant/turtlebot3_ws/build/turtlebot3_fake_node' returned '0': CMAKE_PREFIX_PATH=${CMAKE_PREFIX_PATH}:/home/vagrant/turtlebot3_ws/install/my_first_subscriber:/home/vagrant/turtlebot3_ws/install/my_first_publisher:/opt/ros/foxy PS1=\[\e]0;\u@\h: \w\a\]${debian_chroot:+($debian_chroot)}\[\033[01;32m\]\u@\h\[\033[00m\]:\[\033[01;34m\]\w\[\033[00m\]\$ /usr/bin/cmake /home/vagrant/turtlebot3_ws/src/turtlebot3_simulations/turtlebot3_fake_node -DCMAKE_INSTALL_PREFIX=/home/vagrant/turtlebot3_ws/install/turtlebot3_fake_node
[1.579s] Invoking command in '/home/vagrant/turtlebot3_ws/build/turtlebot3_fake_node': CMAKE_PREFIX_PATH=${CMAKE_PREFIX_PATH}:/home/vagrant/turtlebot3_ws/install/my_first_subscriber:/home/vagrant/turtlebot3_ws/install/my_first_publisher:/opt/ros/foxy PS1=\[\e]0;\u@\h: \w\a\]${debian_chroot:+($debian_chroot)}\[\033[01;32m\]\u@\h\[\033[00m\]:\[\033[01;34m\]\w\[\033[00m\]\$ /usr/bin/cmake --build /home/vagrant/turtlebot3_ws/build/turtlebot3_fake_node -- -j2 -l2
[1.609s] [35m[1mScanning dependencies of target turtlebot3_fake_node[0m
[1.645s] [ 50%] [32mBuilding CXX object CMakeFiles/turtlebot3_fake_node.dir/src/turtlebot3_fake_node.cpp.o[0m
[8.681s] [100%] [32m[1mLinking CXX executable turtlebot3_fake_node[0m
[9.244s] [100%] Built target turtlebot3_fake_node
[9.282s] Invoked command in '/home/vagrant/turtlebot3_ws/build/turtlebot3_fake_node' returned '0': CMAKE_PREFIX_PATH=${CMAKE_PREFIX_PATH}:/home/vagrant/turtlebot3_ws/install/my_first_subscriber:/home/vagrant/turtlebot3_ws/install/my_first_publisher:/opt/ros/foxy PS1=\[\e]0;\u@\h: \w\a\]${debian_chroot:+($debian_chroot)}\[\033[01;32m\]\u@\h\[\033[00m\]:\[\033[01;34m\]\w\[\033[00m\]\$ /usr/bin/cmake --build /home/vagrant/turtlebot3_ws/build/turtlebot3_fake_node -- -j2 -l2
[9.536s] Invoking command in '/home/vagrant/turtlebot3_ws/build/turtlebot3_fake_node': CMAKE_PREFIX_PATH=${CMAKE_PREFIX_PATH}:/home/vagrant/turtlebot3_ws/install/my_first_subscriber:/home/vagrant/turtlebot3_ws/install/my_first_publisher:/opt/ros/foxy PS1=\[\e]0;\u@\h: \w\a\]${debian_chroot:+($debian_chroot)}\[\033[01;32m\]\u@\h\[\033[00m\]:\[\033[01;34m\]\w\[\033[00m\]\$ /usr/bin/cmake --install /home/vagrant/turtlebot3_ws/build/turtlebot3_fake_node
[9.546s] -- Install configuration: ""
[9.546s] -- Installing: /home/vagrant/turtlebot3_ws/install/turtlebot3_fake_node/lib/turtlebot3_fake_node/turtlebot3_fake_node
[9.548s] -- Set runtime path of "/home/vagrant/turtlebot3_ws/install/turtlebot3_fake_node/lib/turtlebot3_fake_node/turtlebot3_fake_node" to ""
[9.548s] -- Installing: /home/vagrant/turtlebot3_ws/install/turtlebot3_fake_node/share/turtlebot3_fake_node/launch
[9.548s] -- Installing: /home/vagrant/turtlebot3_ws/install/turtlebot3_fake_node/share/turtlebot3_fake_node/launch/rviz2.launch.py
[9.548s] -- Installing: /home/vagrant/turtlebot3_ws/install/turtlebot3_fake_node/share/turtlebot3_fake_node/launch/turtlebot3_fake_node.launch.py
[9.548s] -- Installing: /home/vagrant/turtlebot3_ws/install/turtlebot3_fake_node/share/turtlebot3_fake_node/param
[9.548s] -- Installing: /home/vagrant/turtlebot3_ws/install/turtlebot3_fake_node/share/turtlebot3_fake_node/param/waffle.yaml
[9.548s] -- Installing: /home/vagrant/turtlebot3_ws/install/turtlebot3_fake_node/share/turtlebot3_fake_node/param/burger.yaml
[9.548s] -- Installing: /home/vagrant/turtlebot3_ws/install/turtlebot3_fake_node/share/turtlebot3_fake_node/param/waffle_pi.yaml
[9.548s] -- Installing: /home/vagrant/turtlebot3_ws/install/turtlebot3_fake_node/share/turtlebot3_fake_node/rviz
[9.548s] -- Installing: /home/vagrant/turtlebot3_ws/install/turtlebot3_fake_node/share/turtlebot3_fake_node/rviz/model.rviz
[9.548s] -- Installing: /home/vagrant/turtlebot3_ws/install/turtlebot3_fake_node/include/
[9.548s] -- Installing: /home/vagrant/turtlebot3_ws/install/turtlebot3_fake_node/include//turtlebot3_fake_node
[9.548s] -- Installing: /home/vagrant/turtlebot3_ws/install/turtlebot3_fake_node/include//turtlebot3_fake_node/turtlebot3_fake_node.hpp
[9.549s] -- Installing: /home/vagrant/turtlebot3_ws/install/turtlebot3_fake_node/share/ament_index/resource_index/package_run_dependencies/turtlebot3_fake_node
[9.549s] -- Installing: /home/vagrant/turtlebot3_ws/install/turtlebot3_fake_node/share/ament_index/resource_index/parent_prefix_path/turtlebot3_fake_node
[9.549s] -- Installing: /home/vagrant/turtlebot3_ws/install/turtlebot3_fake_node/share/turtlebot3_fake_node/environment/ament_prefix_path.sh
[9.549s] -- Installing: /home/vagrant/turtlebot3_ws/install/turtlebot3_fake_node/share/turtlebot3_fake_node/environment/ament_prefix_path.dsv
[9.549s] -- Installing: /home/vagrant/turtlebot3_ws/install/turtlebot3_fake_node/share/turtlebot3_fake_node/environment/path.sh
[9.549s] -- Installing: /home/vagrant/turtlebot3_ws/install/turtlebot3_fake_node/share/turtlebot3_fake_node/environment/path.dsv
[9.550s] -- Installing: /home/vagrant/turtlebot3_ws/install/turtlebot3_fake_node/share/turtlebot3_fake_node/local_setup.bash
[9.550s] -- Installing: /home/vagrant/turtlebot3_ws/install/turtlebot3_fake_node/share/turtlebot3_fake_node/local_setup.sh
[9.550s] -- Installing: /home/vagrant/turtlebot3_ws/install/turtlebot3_fake_node/share/turtlebot3_fake_node/local_setup.zsh
[9.550s] -- Installing: /home/vagrant/turtlebot3_ws/install/turtlebot3_fake_node/share/turtlebot3_fake_node/local_setup.dsv
[9.550s] -- Installing: /home/vagrant/turtlebot3_ws/install/turtlebot3_fake_node/share/turtlebot3_fake_node/package.dsv
[9.550s] -- Installing: /home/vagrant/turtlebot3_ws/install/turtlebot3_fake_node/share/ament_index/resource_index/packages/turtlebot3_fake_node
[9.550s] -- Installing: /home/vagrant/turtlebot3_ws/install/turtlebot3_fake_node/share/turtlebot3_fake_node/cmake/ament_cmake_export_include_directories-extras.cmake
[9.550s] -- Installing: /home/vagrant/turtlebot3_ws/install/turtlebot3_fake_node/share/turtlebot3_fake_node/cmake/ament_cmake_export_dependencies-extras.cmake
[9.550s] -- Installing: /home/vagrant/turtlebot3_ws/install/turtlebot3_fake_node/share/turtlebot3_fake_node/cmake/turtlebot3_fake_nodeConfig.cmake
[9.550s] -- Installing: /home/vagrant/turtlebot3_ws/install/turtlebot3_fake_node/share/turtlebot3_fake_node/cmake/turtlebot3_fake_nodeConfig-version.cmake
[9.550s] -- Installing: /home/vagrant/turtlebot3_ws/install/turtlebot3_fake_node/share/turtlebot3_fake_node/package.xml
[9.554s] Invoked command in '/home/vagrant/turtlebot3_ws/build/turtlebot3_fake_node' returned '0': CMAKE_PREFIX_PATH=${CMAKE_PREFIX_PATH}:/home/vagrant/turtlebot3_ws/install/my_first_subscriber:/home/vagrant/turtlebot3_ws/install/my_first_publisher:/opt/ros/foxy PS1=\[\e]0;\u@\h: \w\a\]${debian_chroot:+($debian_chroot)}\[\033[01;32m\]\u@\h\[\033[00m\]:\[\033[01;34m\]\w\[\033[00m\]\$ /usr/bin/cmake --install /home/vagrant/turtlebot3_ws/build/turtlebot3_fake_node
