[0.098s] DEBUG:colcon:Command line arguments: ['/usr/bin/colcon', 'build']
[0.098s] DEBUG:colcon:Parsed command line arguments: Namespace(allow_overriding=[], ament_cmake_args=None, base_paths=['.'], build_base='build', catkin_cmake_args=None, catkin_skip_building_tests=False, cmake_args=None, cmake_clean_cache=False, cmake_clean_first=False, cmake_force_configure=False, cmake_target=None, cmake_target_skip_unavailable=False, continue_on_error=False, event_handlers=None, executor='parallel', ignore_user_meta=False, install_base='install', log_base=None, log_level=None, main=<bound method BuildVerb.main of <colcon_core.verb.build.BuildVerb object at 0x7f6697c11d90>>, merge_install=False, metas=['./colcon.meta'], packages_above=None, packages_above_and_dependencies=None, packages_above_depth=None, packages_end=None, packages_ignore=None, packages_ignore_regex=None, packages_select=None, packages_select_build_failed=False, packages_select_by_dep=None, packages_select_regex=None, packages_select_test_failures=False, packages_skip=None, packages_skip_build_finished=False, packages_skip_by_dep=None, packages_skip_regex=None, packages_skip_test_passed=False, packages_skip_up_to=None, packages_start=None, packages_up_to=None, packages_up_to_regex=None, parallel_workers=2, paths=None, symlink_install=False, test_result_base=None, verb_extension=<colcon_core.verb.build.BuildVerb object at 0x7f6697c11d90>, verb_name='build', verb_parser=<colcon_defaults.argument_parser.defaults.DefaultArgumentsDecorator object at 0x7f6697c17340>)
[0.101s] Level 1:colcon.colcon_core.package_discovery:discover_packages(colcon_meta) check parameters
[0.101s] Level 1:colcon.colcon_core.package_discovery:discover_packages(recursive) check parameters
[0.101s] Level 1:colcon.colcon_core.package_discovery:discover_packages(ignore) check parameters
[0.101s] Level 1:colcon.colcon_core.package_discovery:discover_packages(path) check parameters
[0.102s] Level 1:colcon.colcon_core.package_discovery:discover_packages(colcon_meta) discover
[0.102s] Level 1:colcon.colcon_core.package_discovery:discover_packages(recursive) discover
[0.102s] INFO:colcon.colcon_core.package_discovery:Crawling recursively for packages in '/home/vagrant/turtlebot3_ws'
[0.102s] Level 1:colcon.colcon_core.package_identification:_identify(.) by extensions ['ignore', 'ignore_ament_install']
[0.102s] Level 1:colcon.colcon_core.package_identification:_identify(.) by extension 'ignore'
[0.102s] Level 1:colcon.colcon_core.package_identification:_identify(.) by extension 'ignore_ament_install'
[0.102s] Level 1:colcon.colcon_core.package_identification:_identify(.) by extensions ['colcon_pkg']
[0.102s] Level 1:colcon.colcon_core.package_identification:_identify(.) by extension 'colcon_pkg'
[0.102s] Level 1:colcon.colcon_core.package_identification:_identify(.) by extensions ['colcon_meta']
[0.102s] Level 1:colcon.colcon_core.package_identification:_identify(.) by extension 'colcon_meta'
[0.102s] Level 1:colcon.colcon_core.package_identification:_identify(.) by extensions ['ros']
[0.102s] Level 1:colcon.colcon_core.package_identification:_identify(.) by extension 'ros'
[0.110s] Level 1:colcon.colcon_core.package_identification:_identify(.) by extensions ['cmake', 'python']
[0.110s] Level 1:colcon.colcon_core.package_identification:_identify(.) by extension 'cmake'
[0.110s] Level 1:colcon.colcon_core.package_identification:_identify(.) by extension 'python'
[0.110s] Level 1:colcon.colcon_core.package_identification:_identify(.) by extensions ['python_setup_py']
[0.110s] Level 1:colcon.colcon_core.package_identification:_identify(.) by extension 'python_setup_py'
[0.110s] Level 1:colcon.colcon_core.package_identification:_identify(build) by extensions ['ignore', 'ignore_ament_install']
[0.110s] Level 1:colcon.colcon_core.package_identification:_identify(build) by extension 'ignore'
[0.111s] Level 1:colcon.colcon_core.package_identification:_identify(build) ignored
[0.111s] Level 1:colcon.colcon_core.package_identification:_identify(install) by extensions ['ignore', 'ignore_ament_install']
[0.111s] Level 1:colcon.colcon_core.package_identification:_identify(install) by extension 'ignore'
[0.111s] Level 1:colcon.colcon_core.package_identification:_identify(install) ignored
[0.111s] Level 1:colcon.colcon_core.package_identification:_identify(log) by extensions ['ignore', 'ignore_ament_install']
[0.111s] Level 1:colcon.colcon_core.package_identification:_identify(log) by extension 'ignore'
[0.111s] Level 1:colcon.colcon_core.package_identification:_identify(log) ignored
[0.111s] Level 1:colcon.colcon_core.package_identification:_identify(src) by extensions ['ignore', 'ignore_ament_install']
[0.111s] Level 1:colcon.colcon_core.package_identification:_identify(src) by extension 'ignore'
[0.111s] Level 1:colcon.colcon_core.package_identification:_identify(src) by extension 'ignore_ament_install'
[0.111s] Level 1:colcon.colcon_core.package_identification:_identify(src) by extensions ['colcon_pkg']
[0.111s] Level 1:colcon.colcon_core.package_identification:_identify(src) by extension 'colcon_pkg'
[0.111s] Level 1:colcon.colcon_core.package_identification:_identify(src) by extensions ['colcon_meta']
[0.111s] Level 1:colcon.colcon_core.package_identification:_identify(src) by extension 'colcon_meta'
[0.111s] Level 1:colcon.colcon_core.package_identification:_identify(src) by extensions ['ros']
[0.111s] Level 1:colcon.colcon_core.package_identification:_identify(src) by extension 'ros'
[0.111s] Level 1:colcon.colcon_core.package_identification:_identify(src) by extensions ['cmake', 'python']
[0.111s] Level 1:colcon.colcon_core.package_identification:_identify(src) by extension 'cmake'
[0.111s] Level 1:colcon.colcon_core.package_identification:_identify(src) by extension 'python'
[0.111s] Level 1:colcon.colcon_core.package_identification:_identify(src) by extensions ['python_setup_py']
[0.111s] Level 1:colcon.colcon_core.package_identification:_identify(src) by extension 'python_setup_py'
[0.111s] Level 1:colcon.colcon_core.package_identification:_identify(src/custom_interface) by extensions ['ignore', 'ignore_ament_install']
[0.111s] Level 1:colcon.colcon_core.package_identification:_identify(src/custom_interface) by extension 'ignore'
[0.111s] Level 1:colcon.colcon_core.package_identification:_identify(src/custom_interface) by extension 'ignore_ament_install'
[0.111s] Level 1:colcon.colcon_core.package_identification:_identify(src/custom_interface) by extensions ['colcon_pkg']
[0.111s] Level 1:colcon.colcon_core.package_identification:_identify(src/custom_interface) by extension 'colcon_pkg'
[0.111s] Level 1:colcon.colcon_core.package_identification:_identify(src/custom_interface) by extensions ['colcon_meta']
[0.111s] Level 1:colcon.colcon_core.package_identification:_identify(src/custom_interface) by extension 'colcon_meta'
[0.112s] Level 1:colcon.colcon_core.package_identification:_identify(src/custom_interface) by extensions ['ros']
[0.112s] Level 1:colcon.colcon_core.package_identification:_identify(src/custom_interface) by extension 'ros'
[0.113s] DEBUG:colcon.colcon_core.package_identification:Package 'src/custom_interface' with type 'ros.ament_cmake' and name 'custom_interface'
[0.113s] Level 1:colcon.colcon_core.package_identification:_identify(src/my_first_publisher) by extensions ['ignore', 'ignore_ament_install']
[0.113s] Level 1:colcon.colcon_core.package_identification:_identify(src/my_first_publisher) by extension 'ignore'
[0.113s] Level 1:colcon.colcon_core.package_identification:_identify(src/my_first_publisher) by extension 'ignore_ament_install'
[0.113s] Level 1:colcon.colcon_core.package_identification:_identify(src/my_first_publisher) by extensions ['colcon_pkg']
[0.113s] Level 1:colcon.colcon_core.package_identification:_identify(src/my_first_publisher) by extension 'colcon_pkg'
[0.114s] Level 1:colcon.colcon_core.package_identification:_identify(src/my_first_publisher) by extensions ['colcon_meta']
[0.114s] Level 1:colcon.colcon_core.package_identification:_identify(src/my_first_publisher) by extension 'colcon_meta'
[0.114s] Level 1:colcon.colcon_core.package_identification:_identify(src/my_first_publisher) by extensions ['ros']
[0.114s] Level 1:colcon.colcon_core.package_identification:_identify(src/my_first_publisher) by extension 'ros'
[0.114s] DEBUG:colcon.colcon_core.package_identification:Package 'src/my_first_publisher' with type 'ros.ament_python' and name 'my_first_publisher'
[0.114s] Level 1:colcon.colcon_core.package_identification:_identify(src/my_first_subscriber) by extensions ['ignore', 'ignore_ament_install']
[0.114s] Level 1:colcon.colcon_core.package_identification:_identify(src/my_first_subscriber) by extension 'ignore'
[0.114s] Level 1:colcon.colcon_core.package_identification:_identify(src/my_first_subscriber) by extension 'ignore_ament_install'
[0.114s] Level 1:colcon.colcon_core.package_identification:_identify(src/my_first_subscriber) by extensions ['colcon_pkg']
[0.114s] Level 1:colcon.colcon_core.package_identification:_identify(src/my_first_subscriber) by extension 'colcon_pkg'
[0.114s] Level 1:colcon.colcon_core.package_identification:_identify(src/my_first_subscriber) by extensions ['colcon_meta']
[0.114s] Level 1:colcon.colcon_core.package_identification:_identify(src/my_first_subscriber) by extension 'colcon_meta'
[0.114s] Level 1:colcon.colcon_core.package_identification:_identify(src/my_first_subscriber) by extensions ['ros']
[0.114s] Level 1:colcon.colcon_core.package_identification:_identify(src/my_first_subscriber) by extension 'ros'
[0.115s] DEBUG:colcon.colcon_core.package_identification:Package 'src/my_first_subscriber' with type 'ros.ament_python' and name 'my_first_subscriber'
[0.115s] Level 1:colcon.colcon_core.package_identification:_identify(src/turtlebot3_simulations) by extensions ['ignore', 'ignore_ament_install']
[0.115s] Level 1:colcon.colcon_core.package_identification:_identify(src/turtlebot3_simulations) by extension 'ignore'
[0.115s] Level 1:colcon.colcon_core.package_identification:_identify(src/turtlebot3_simulations) by extension 'ignore_ament_install'
[0.115s] Level 1:colcon.colcon_core.package_identification:_identify(src/turtlebot3_simulations) by extensions ['colcon_pkg']
[0.115s] Level 1:colcon.colcon_core.package_identification:_identify(src/turtlebot3_simulations) by extension 'colcon_pkg'
[0.115s] Level 1:colcon.colcon_core.package_identification:_identify(src/turtlebot3_simulations) by extensions ['colcon_meta']
[0.115s] Level 1:colcon.colcon_core.package_identification:_identify(src/turtlebot3_simulations) by extension 'colcon_meta'
[0.115s] Level 1:colcon.colcon_core.package_identification:_identify(src/turtlebot3_simulations) by extensions ['ros']
[0.115s] Level 1:colcon.colcon_core.package_identification:_identify(src/turtlebot3_simulations) by extension 'ros'
[0.115s] Level 1:colcon.colcon_core.package_identification:_identify(src/turtlebot3_simulations) by extensions ['cmake', 'python']
[0.115s] Level 1:colcon.colcon_core.package_identification:_identify(src/turtlebot3_simulations) by extension 'cmake'
[0.115s] Level 1:colcon.colcon_core.package_identification:_identify(src/turtlebot3_simulations) by extension 'python'
[0.115s] Level 1:colcon.colcon_core.package_identification:_identify(src/turtlebot3_simulations) by extensions ['python_setup_py']
[0.115s] Level 1:colcon.colcon_core.package_identification:_identify(src/turtlebot3_simulations) by extension 'python_setup_py'
[0.115s] Level 1:colcon.colcon_core.package_identification:_identify(src/turtlebot3_simulations/turtlebot3_fake_node) by extensions ['ignore', 'ignore_ament_install']
[0.115s] Level 1:colcon.colcon_core.package_identification:_identify(src/turtlebot3_simulations/turtlebot3_fake_node) by extension 'ignore'
[0.115s] Level 1:colcon.colcon_core.package_identification:_identify(src/turtlebot3_simulations/turtlebot3_fake_node) by extension 'ignore_ament_install'
[0.116s] Level 1:colcon.colcon_core.package_identification:_identify(src/turtlebot3_simulations/turtlebot3_fake_node) by extensions ['colcon_pkg']
[0.116s] Level 1:colcon.colcon_core.package_identification:_identify(src/turtlebot3_simulations/turtlebot3_fake_node) by extension 'colcon_pkg'
[0.116s] Level 1:colcon.colcon_core.package_identification:_identify(src/turtlebot3_simulations/turtlebot3_fake_node) by extensions ['colcon_meta']
[0.116s] Level 1:colcon.colcon_core.package_identification:_identify(src/turtlebot3_simulations/turtlebot3_fake_node) by extension 'colcon_meta'
[0.116s] Level 1:colcon.colcon_core.package_identification:_identify(src/turtlebot3_simulations/turtlebot3_fake_node) by extensions ['ros']
[0.116s] Level 1:colcon.colcon_core.package_identification:_identify(src/turtlebot3_simulations/turtlebot3_fake_node) by extension 'ros'
[0.116s] DEBUG:colcon.colcon_core.package_identification:Package 'src/turtlebot3_simulations/turtlebot3_fake_node' with type 'ros.ament_cmake' and name 'turtlebot3_fake_node'
[0.116s] Level 1:colcon.colcon_core.package_identification:_identify(src/turtlebot3_simulations/turtlebot3_gazebo) by extensions ['ignore', 'ignore_ament_install']
[0.116s] Level 1:colcon.colcon_core.package_identification:_identify(src/turtlebot3_simulations/turtlebot3_gazebo) by extension 'ignore'
[0.117s] Level 1:colcon.colcon_core.package_identification:_identify(src/turtlebot3_simulations/turtlebot3_gazebo) by extension 'ignore_ament_install'
[0.117s] Level 1:colcon.colcon_core.package_identification:_identify(src/turtlebot3_simulations/turtlebot3_gazebo) by extensions ['colcon_pkg']
[0.117s] Level 1:colcon.colcon_core.package_identification:_identify(src/turtlebot3_simulations/turtlebot3_gazebo) by extension 'colcon_pkg'
[0.117s] Level 1:colcon.colcon_core.package_identification:_identify(src/turtlebot3_simulations/turtlebot3_gazebo) by extensions ['colcon_meta']
[0.117s] Level 1:colcon.colcon_core.package_identification:_identify(src/turtlebot3_simulations/turtlebot3_gazebo) by extension 'colcon_meta'
[0.117s] Level 1:colcon.colcon_core.package_identification:_identify(src/turtlebot3_simulations/turtlebot3_gazebo) by extensions ['ros']
[0.117s] Level 1:colcon.colcon_core.package_identification:_identify(src/turtlebot3_simulations/turtlebot3_gazebo) by extension 'ros'
[0.117s] DEBUG:colcon.colcon_core.package_identification:Package 'src/turtlebot3_simulations/turtlebot3_gazebo' with type 'ros.ament_cmake' and name 'turtlebot3_gazebo'
[0.117s] Level 1:colcon.colcon_core.package_identification:_identify(src/turtlebot3_simulations/turtlebot3_simulations) by extensions ['ignore', 'ignore_ament_install']
[0.117s] Level 1:colcon.colcon_core.package_identification:_identify(src/turtlebot3_simulations/turtlebot3_simulations) by extension 'ignore'
[0.118s] Level 1:colcon.colcon_core.package_identification:_identify(src/turtlebot3_simulations/turtlebot3_simulations) by extension 'ignore_ament_install'
[0.118s] Level 1:colcon.colcon_core.package_identification:_identify(src/turtlebot3_simulations/turtlebot3_simulations) by extensions ['colcon_pkg']
[0.118s] Level 1:colcon.colcon_core.package_identification:_identify(src/turtlebot3_simulations/turtlebot3_simulations) by extension 'colcon_pkg'
[0.118s] Level 1:colcon.colcon_core.package_identification:_identify(src/turtlebot3_simulations/turtlebot3_simulations) by extensions ['colcon_meta']
[0.118s] Level 1:colcon.colcon_core.package_identification:_identify(src/turtlebot3_simulations/turtlebot3_simulations) by extension 'colcon_meta'
[0.118s] Level 1:colcon.colcon_core.package_identification:_identify(src/turtlebot3_simulations/turtlebot3_simulations) by extensions ['ros']
[0.118s] Level 1:colcon.colcon_core.package_identification:_identify(src/turtlebot3_simulations/turtlebot3_simulations) by extension 'ros'
[0.118s] DEBUG:colcon.colcon_core.package_identification:Package 'src/turtlebot3_simulations/turtlebot3_simulations' with type 'ros.ament_cmake' and name 'turtlebot3_simulations'
[0.118s] Level 1:colcon.colcon_core.package_discovery:discover_packages(recursive) using defaults
[0.118s] Level 1:colcon.colcon_core.package_discovery:discover_packages(ignore) discover
[0.118s] Level 1:colcon.colcon_core.package_discovery:discover_packages(ignore) using defaults
[0.118s] Level 1:colcon.colcon_core.package_discovery:discover_packages(path) discover
[0.118s] Level 1:colcon.colcon_core.package_discovery:discover_packages(path) using defaults
[0.131s] Level 5:colcon.colcon_core.verb:set package 'custom_interface' build argument 'cmake_args' from command line to 'None'
[0.131s] Level 5:colcon.colcon_core.verb:set package 'custom_interface' build argument 'cmake_target' from command line to 'None'
[0.131s] Level 5:colcon.colcon_core.verb:set package 'custom_interface' build argument 'cmake_target_skip_unavailable' from command line to 'False'
[0.131s] Level 5:colcon.colcon_core.verb:set package 'custom_interface' build argument 'cmake_clean_cache' from command line to 'False'
[0.131s] Level 5:colcon.colcon_core.verb:set package 'custom_interface' build argument 'cmake_clean_first' from command line to 'False'
[0.131s] Level 5:colcon.colcon_core.verb:set package 'custom_interface' build argument 'cmake_force_configure' from command line to 'False'
[0.131s] Level 5:colcon.colcon_core.verb:set package 'custom_interface' build argument 'ament_cmake_args' from command line to 'None'
[0.131s] Level 5:colcon.colcon_core.verb:set package 'custom_interface' build argument 'catkin_cmake_args' from command line to 'None'
[0.131s] Level 5:colcon.colcon_core.verb:set package 'custom_interface' build argument 'catkin_skip_building_tests' from command line to 'False'
[0.131s] DEBUG:colcon.colcon_core.verb:Building package 'custom_interface' with the following arguments: {'ament_cmake_args': None, 'build_base': '/home/vagrant/turtlebot3_ws/build/custom_interface', 'catkin_cmake_args': None, 'catkin_skip_building_tests': False, 'cmake_args': None, 'cmake_clean_cache': False, 'cmake_clean_first': False, 'cmake_force_configure': False, 'cmake_target': None, 'cmake_target_skip_unavailable': False, 'install_base': '/home/vagrant/turtlebot3_ws/install/custom_interface', 'merge_install': False, 'path': '/home/vagrant/turtlebot3_ws/src/custom_interface', 'symlink_install': False, 'test_result_base': None}
[0.132s] Level 5:colcon.colcon_core.verb:set package 'my_first_publisher' build argument 'cmake_args' from command line to 'None'
[0.132s] Level 5:colcon.colcon_core.verb:set package 'my_first_publisher' build argument 'cmake_target' from command line to 'None'
[0.132s] Level 5:colcon.colcon_core.verb:set package 'my_first_publisher' build argument 'cmake_target_skip_unavailable' from command line to 'False'
[0.132s] Level 5:colcon.colcon_core.verb:set package 'my_first_publisher' build argument 'cmake_clean_cache' from command line to 'False'
[0.132s] Level 5:colcon.colcon_core.verb:set package 'my_first_publisher' build argument 'cmake_clean_first' from command line to 'False'
[0.132s] Level 5:colcon.colcon_core.verb:set package 'my_first_publisher' build argument 'cmake_force_configure' from command line to 'False'
[0.132s] Level 5:colcon.colcon_core.verb:set package 'my_first_publisher' build argument 'ament_cmake_args' from command line to 'None'
[0.132s] Level 5:colcon.colcon_core.verb:set package 'my_first_publisher' build argument 'catkin_cmake_args' from command line to 'None'
[0.132s] Level 5:colcon.colcon_core.verb:set package 'my_first_publisher' build argument 'catkin_skip_building_tests' from command line to 'False'
[0.132s] DEBUG:colcon.colcon_core.verb:Building package 'my_first_publisher' with the following arguments: {'ament_cmake_args': None, 'build_base': '/home/vagrant/turtlebot3_ws/build/my_first_publisher', 'catkin_cmake_args': None, 'catkin_skip_building_tests': False, 'cmake_args': None, 'cmake_clean_cache': False, 'cmake_clean_first': False, 'cmake_force_configure': False, 'cmake_target': None, 'cmake_target_skip_unavailable': False, 'install_base': '/home/vagrant/turtlebot3_ws/install/my_first_publisher', 'merge_install': False, 'path': '/home/vagrant/turtlebot3_ws/src/my_first_publisher', 'symlink_install': False, 'test_result_base': None}
[0.132s] Level 5:colcon.colcon_core.verb:set package 'my_first_subscriber' build argument 'cmake_args' from command line to 'None'
[0.132s] Level 5:colcon.colcon_core.verb:set package 'my_first_subscriber' build argument 'cmake_target' from command line to 'None'
[0.132s] Level 5:colcon.colcon_core.verb:set package 'my_first_subscriber' build argument 'cmake_target_skip_unavailable' from command line to 'False'
[0.132s] Level 5:colcon.colcon_core.verb:set package 'my_first_subscriber' build argument 'cmake_clean_cache' from command line to 'False'
[0.132s] Level 5:colcon.colcon_core.verb:set package 'my_first_subscriber' build argument 'cmake_clean_first' from command line to 'False'
[0.132s] Level 5:colcon.colcon_core.verb:set package 'my_first_subscriber' build argument 'cmake_force_configure' from command line to 'False'
[0.132s] Level 5:colcon.colcon_core.verb:set package 'my_first_subscriber' build argument 'ament_cmake_args' from command line to 'None'
[0.132s] Level 5:colcon.colcon_core.verb:set package 'my_first_subscriber' build argument 'catkin_cmake_args' from command line to 'None'
[0.132s] Level 5:colcon.colcon_core.verb:set package 'my_first_subscriber' build argument 'catkin_skip_building_tests' from command line to 'False'
[0.132s] DEBUG:colcon.colcon_core.verb:Building package 'my_first_subscriber' with the following arguments: {'ament_cmake_args': None, 'build_base': '/home/vagrant/turtlebot3_ws/build/my_first_subscriber', 'catkin_cmake_args': None, 'catkin_skip_building_tests': False, 'cmake_args': None, 'cmake_clean_cache': False, 'cmake_clean_first': False, 'cmake_force_configure': False, 'cmake_target': None, 'cmake_target_skip_unavailable': False, 'install_base': '/home/vagrant/turtlebot3_ws/install/my_first_subscriber', 'merge_install': False, 'path': '/home/vagrant/turtlebot3_ws/src/my_first_subscriber', 'symlink_install': False, 'test_result_base': None}
[0.133s] Level 5:colcon.colcon_core.verb:set package 'turtlebot3_fake_node' build argument 'cmake_args' from command line to 'None'
[0.133s] Level 5:colcon.colcon_core.verb:set package 'turtlebot3_fake_node' build argument 'cmake_target' from command line to 'None'
[0.133s] Level 5:colcon.colcon_core.verb:set package 'turtlebot3_fake_node' build argument 'cmake_target_skip_unavailable' from command line to 'False'
[0.133s] Level 5:colcon.colcon_core.verb:set package 'turtlebot3_fake_node' build argument 'cmake_clean_cache' from command line to 'False'
[0.133s] Level 5:colcon.colcon_core.verb:set package 'turtlebot3_fake_node' build argument 'cmake_clean_first' from command line to 'False'
[0.133s] Level 5:colcon.colcon_core.verb:set package 'turtlebot3_fake_node' build argument 'cmake_force_configure' from command line to 'False'
[0.133s] Level 5:colcon.colcon_core.verb:set package 'turtlebot3_fake_node' build argument 'ament_cmake_args' from command line to 'None'
[0.133s] Level 5:colcon.colcon_core.verb:set package 'turtlebot3_fake_node' build argument 'catkin_cmake_args' from command line to 'None'
[0.133s] Level 5:colcon.colcon_core.verb:set package 'turtlebot3_fake_node' build argument 'catkin_skip_building_tests' from command line to 'False'
[0.133s] DEBUG:colcon.colcon_core.verb:Building package 'turtlebot3_fake_node' with the following arguments: {'ament_cmake_args': None, 'build_base': '/home/vagrant/turtlebot3_ws/build/turtlebot3_fake_node', 'catkin_cmake_args': None, 'catkin_skip_building_tests': False, 'cmake_args': None, 'cmake_clean_cache': False, 'cmake_clean_first': False, 'cmake_force_configure': False, 'cmake_target': None, 'cmake_target_skip_unavailable': False, 'install_base': '/home/vagrant/turtlebot3_ws/install/turtlebot3_fake_node', 'merge_install': False, 'path': '/home/vagrant/turtlebot3_ws/src/turtlebot3_simulations/turtlebot3_fake_node', 'symlink_install': False, 'test_result_base': None}
[0.133s] Level 5:colcon.colcon_core.verb:set package 'turtlebot3_gazebo' build argument 'cmake_args' from command line to 'None'
[0.133s] Level 5:colcon.colcon_core.verb:set package 'turtlebot3_gazebo' build argument 'cmake_target' from command line to 'None'
[0.133s] Level 5:colcon.colcon_core.verb:set package 'turtlebot3_gazebo' build argument 'cmake_target_skip_unavailable' from command line to 'False'
[0.134s] Level 5:colcon.colcon_core.verb:set package 'turtlebot3_gazebo' build argument 'cmake_clean_cache' from command line to 'False'
[0.134s] Level 5:colcon.colcon_core.verb:set package 'turtlebot3_gazebo' build argument 'cmake_clean_first' from command line to 'False'
[0.134s] Level 5:colcon.colcon_core.verb:set package 'turtlebot3_gazebo' build argument 'cmake_force_configure' from command line to 'False'
[0.134s] Level 5:colcon.colcon_core.verb:set package 'turtlebot3_gazebo' build argument 'ament_cmake_args' from command line to 'None'
[0.134s] Level 5:colcon.colcon_core.verb:set package 'turtlebot3_gazebo' build argument 'catkin_cmake_args' from command line to 'None'
[0.134s] Level 5:colcon.colcon_core.verb:set package 'turtlebot3_gazebo' build argument 'catkin_skip_building_tests' from command line to 'False'
[0.134s] DEBUG:colcon.colcon_core.verb:Building package 'turtlebot3_gazebo' with the following arguments: {'ament_cmake_args': None, 'build_base': '/home/vagrant/turtlebot3_ws/build/turtlebot3_gazebo', 'catkin_cmake_args': None, 'catkin_skip_building_tests': False, 'cmake_args': None, 'cmake_clean_cache': False, 'cmake_clean_first': False, 'cmake_force_configure': False, 'cmake_target': None, 'cmake_target_skip_unavailable': False, 'install_base': '/home/vagrant/turtlebot3_ws/install/turtlebot3_gazebo', 'merge_install': False, 'path': '/home/vagrant/turtlebot3_ws/src/turtlebot3_simulations/turtlebot3_gazebo', 'symlink_install': False, 'test_result_base': None}
[0.134s] Level 5:colcon.colcon_core.verb:set package 'turtlebot3_simulations' build argument 'cmake_args' from command line to 'None'
[0.134s] Level 5:colcon.colcon_core.verb:set package 'turtlebot3_simulations' build argument 'cmake_target' from command line to 'None'
[0.134s] Level 5:colcon.colcon_core.verb:set package 'turtlebot3_simulations' build argument 'cmake_target_skip_unavailable' from command line to 'False'
[0.134s] Level 5:colcon.colcon_core.verb:set package 'turtlebot3_simulations' build argument 'cmake_clean_cache' from command line to 'False'
[0.134s] Level 5:colcon.colcon_core.verb:set package 'turtlebot3_simulations' build argument 'cmake_clean_first' from command line to 'False'
[0.134s] Level 5:colcon.colcon_core.verb:set package 'turtlebot3_simulations' build argument 'cmake_force_configure' from command line to 'False'
[0.134s] Level 5:colcon.colcon_core.verb:set package 'turtlebot3_simulations' build argument 'ament_cmake_args' from command line to 'None'
[0.134s] Level 5:colcon.colcon_core.verb:set package 'turtlebot3_simulations' build argument 'catkin_cmake_args' from command line to 'None'
[0.134s] Level 5:colcon.colcon_core.verb:set package 'turtlebot3_simulations' build argument 'catkin_skip_building_tests' from command line to 'False'
[0.134s] DEBUG:colcon.colcon_core.verb:Building package 'turtlebot3_simulations' with the following arguments: {'ament_cmake_args': None, 'build_base': '/home/vagrant/turtlebot3_ws/build/turtlebot3_simulations', 'catkin_cmake_args': None, 'catkin_skip_building_tests': False, 'cmake_args': None, 'cmake_clean_cache': False, 'cmake_clean_first': False, 'cmake_force_configure': False, 'cmake_target': None, 'cmake_target_skip_unavailable': False, 'install_base': '/home/vagrant/turtlebot3_ws/install/turtlebot3_simulations', 'merge_install': False, 'path': '/home/vagrant/turtlebot3_ws/src/turtlebot3_simulations/turtlebot3_simulations', 'symlink_install': False, 'test_result_base': None}
[0.135s] WARNING:colcon.colcon_ros.prefix_path.ament:The path '/home/vagrant/turtlebot3_ws/install/turtlebot3_simulations' in the environment variable AMENT_PREFIX_PATH doesn't exist
[0.135s] WARNING:colcon.colcon_ros.prefix_path.ament:The path '/home/vagrant/turtlebot3_ws/install/turtlebot3_gazebo' in the environment variable AMENT_PREFIX_PATH doesn't exist
[0.135s] WARNING:colcon.colcon_ros.prefix_path.ament:The path '/home/vagrant/turtlebot3_ws/install/turtlebot3_fake_node' in the environment variable AMENT_PREFIX_PATH doesn't exist
[0.135s] WARNING:colcon.colcon_ros.prefix_path.ament:The path '/home/vagrant/turtlebot3_ws/install/package_name' in the environment variable AMENT_PREFIX_PATH doesn't exist
[0.135s] WARNING:colcon.colcon_ros.prefix_path.ament:The path '/home/vagrant/turtlebot3_ws/install/my_first_subscriber' in the environment variable AMENT_PREFIX_PATH doesn't exist
[0.135s] WARNING:colcon.colcon_ros.prefix_path.ament:The path '/home/vagrant/turtlebot3_ws/install/my_first_publisher' in the environment variable AMENT_PREFIX_PATH doesn't exist
[0.135s] WARNING:colcon.colcon_ros.prefix_path.catkin:The path '/home/vagrant/turtlebot3_ws/install/turtlebot3_simulations' in the environment variable CMAKE_PREFIX_PATH doesn't exist
[0.135s] WARNING:colcon.colcon_ros.prefix_path.catkin:The path '/home/vagrant/turtlebot3_ws/install/turtlebot3_gazebo' in the environment variable CMAKE_PREFIX_PATH doesn't exist
[0.135s] WARNING:colcon.colcon_ros.prefix_path.catkin:The path '/home/vagrant/turtlebot3_ws/install/turtlebot3_fake_node' in the environment variable CMAKE_PREFIX_PATH doesn't exist
[0.135s] WARNING:colcon.colcon_ros.prefix_path.catkin:The path '/home/vagrant/turtlebot3_ws/install/package_name' in the environment variable CMAKE_PREFIX_PATH doesn't exist
[0.137s] INFO:colcon.colcon_core.executor:Executing jobs using 'parallel' executor
[0.138s] DEBUG:colcon.colcon_parallel_executor.executor.parallel:run_until_complete
[0.139s] INFO:colcon.colcon_ros.task.ament_cmake.build:Building ROS package in '/home/vagrant/turtlebot3_ws/src/turtlebot3_simulations/turtlebot3_fake_node' with build type 'ament_cmake'
[0.139s] INFO:colcon.colcon_cmake.task.cmake.build:Building CMake package in '/home/vagrant/turtlebot3_ws/src/turtlebot3_simulations/turtlebot3_fake_node'
[0.141s] INFO:colcon.colcon_core.plugin_system:Skipping extension 'colcon_core.shell.bat': Not used on non-Windows systems
[0.141s] INFO:colcon.colcon_core.shell:Skip shell extension 'powershell' for command environment: Not usable outside of PowerShell
[0.141s] DEBUG:colcon.colcon_core.shell:Skip shell extension 'dsv' for command environment
[0.145s] INFO:colcon.colcon_ros.task.ament_cmake.build:Building ROS package in '/home/vagrant/turtlebot3_ws/src/turtlebot3_simulations/turtlebot3_gazebo' with build type 'ament_cmake'
[0.146s] INFO:colcon.colcon_cmake.task.cmake.build:Building CMake package in '/home/vagrant/turtlebot3_ws/src/turtlebot3_simulations/turtlebot3_gazebo'
[0.146s] INFO:colcon.colcon_core.shell:Skip shell extension 'powershell' for command environment: Not usable outside of PowerShell
[0.146s] DEBUG:colcon.colcon_core.shell:Skip shell extension 'dsv' for command environment
[0.155s] DEBUG:colcon.colcon_core.event_handler.log_command:Invoking command in '/home/vagrant/turtlebot3_ws/build/turtlebot3_fake_node': CMAKE_PREFIX_PATH=${CMAKE_PREFIX_PATH}:/home/vagrant/turtlebot3_ws/install/my_first_subscriber:/home/vagrant/turtlebot3_ws/install/my_first_publisher:/opt/ros/foxy PS1=\[\e]0;\u@\h: \w\a\]${debian_chroot:+($debian_chroot)}\[\033[01;32m\]\u@\h\[\033[00m\]:\[\033[01;34m\]\w\[\033[00m\]\$ /usr/bin/cmake /home/vagrant/turtlebot3_ws/src/turtlebot3_simulations/turtlebot3_fake_node -DCMAKE_INSTALL_PREFIX=/home/vagrant/turtlebot3_ws/install/turtlebot3_fake_node
[0.159s] DEBUG:colcon.colcon_core.event_handler.log_command:Invoking command in '/home/vagrant/turtlebot3_ws/build/turtlebot3_gazebo': CMAKE_PREFIX_PATH=${CMAKE_PREFIX_PATH}:/home/vagrant/turtlebot3_ws/install/my_first_subscriber:/home/vagrant/turtlebot3_ws/install/my_first_publisher:/opt/ros/foxy PS1=\[\e]0;\u@\h: \w\a\]${debian_chroot:+($debian_chroot)}\[\033[01;32m\]\u@\h\[\033[00m\]:\[\033[01;34m\]\w\[\033[00m\]\$ /usr/bin/cmake /home/vagrant/turtlebot3_ws/src/turtlebot3_simulations/turtlebot3_gazebo -DCMAKE_INSTALL_PREFIX=/home/vagrant/turtlebot3_ws/install/turtlebot3_gazebo
[1.719s] DEBUG:colcon.colcon_core.event_handler.log_command:Invoked command in '/home/vagrant/turtlebot3_ws/build/turtlebot3_fake_node' returned '0': CMAKE_PREFIX_PATH=${CMAKE_PREFIX_PATH}:/home/vagrant/turtlebot3_ws/install/my_first_subscriber:/home/vagrant/turtlebot3_ws/install/my_first_publisher:/opt/ros/foxy PS1=\[\e]0;\u@\h: \w\a\]${debian_chroot:+($debian_chroot)}\[\033[01;32m\]\u@\h\[\033[00m\]:\[\033[01;34m\]\w\[\033[00m\]\$ /usr/bin/cmake /home/vagrant/turtlebot3_ws/src/turtlebot3_simulations/turtlebot3_fake_node -DCMAKE_INSTALL_PREFIX=/home/vagrant/turtlebot3_ws/install/turtlebot3_fake_node
[1.719s] DEBUG:colcon.colcon_core.event_handler.log_command:Invoking command in '/home/vagrant/turtlebot3_ws/build/turtlebot3_fake_node': CMAKE_PREFIX_PATH=${CMAKE_PREFIX_PATH}:/home/vagrant/turtlebot3_ws/install/my_first_subscriber:/home/vagrant/turtlebot3_ws/install/my_first_publisher:/opt/ros/foxy PS1=\[\e]0;\u@\h: \w\a\]${debian_chroot:+($debian_chroot)}\[\033[01;32m\]\u@\h\[\033[00m\]:\[\033[01;34m\]\w\[\033[00m\]\$ /usr/bin/cmake --build /home/vagrant/turtlebot3_ws/build/turtlebot3_fake_node -- -j2 -l2
[2.242s] DEBUG:colcon.colcon_core.event_handler.log_command:Invoked command in '/home/vagrant/turtlebot3_ws/build/turtlebot3_gazebo' returned '0': CMAKE_PREFIX_PATH=${CMAKE_PREFIX_PATH}:/home/vagrant/turtlebot3_ws/install/my_first_subscriber:/home/vagrant/turtlebot3_ws/install/my_first_publisher:/opt/ros/foxy PS1=\[\e]0;\u@\h: \w\a\]${debian_chroot:+($debian_chroot)}\[\033[01;32m\]\u@\h\[\033[00m\]:\[\033[01;34m\]\w\[\033[00m\]\$ /usr/bin/cmake /home/vagrant/turtlebot3_ws/src/turtlebot3_simulations/turtlebot3_gazebo -DCMAKE_INSTALL_PREFIX=/home/vagrant/turtlebot3_ws/install/turtlebot3_gazebo
[2.245s] DEBUG:colcon.colcon_core.event_handler.log_command:Invoking command in '/home/vagrant/turtlebot3_ws/build/turtlebot3_gazebo': CMAKE_PREFIX_PATH=${CMAKE_PREFIX_PATH}:/home/vagrant/turtlebot3_ws/install/my_first_subscriber:/home/vagrant/turtlebot3_ws/install/my_first_publisher:/opt/ros/foxy PS1=\[\e]0;\u@\h: \w\a\]${debian_chroot:+($debian_chroot)}\[\033[01;32m\]\u@\h\[\033[00m\]:\[\033[01;34m\]\w\[\033[00m\]\$ /usr/bin/cmake --build /home/vagrant/turtlebot3_ws/build/turtlebot3_gazebo -- -j2 -l2
[9.422s] DEBUG:colcon.colcon_core.event_handler.log_command:Invoked command in '/home/vagrant/turtlebot3_ws/build/turtlebot3_fake_node' returned '0': CMAKE_PREFIX_PATH=${CMAKE_PREFIX_PATH}:/home/vagrant/turtlebot3_ws/install/my_first_subscriber:/home/vagrant/turtlebot3_ws/install/my_first_publisher:/opt/ros/foxy PS1=\[\e]0;\u@\h: \w\a\]${debian_chroot:+($debian_chroot)}\[\033[01;32m\]\u@\h\[\033[00m\]:\[\033[01;34m\]\w\[\033[00m\]\$ /usr/bin/cmake --build /home/vagrant/turtlebot3_ws/build/turtlebot3_fake_node -- -j2 -l2
[9.676s] DEBUG:colcon.colcon_core.event_handler.log_command:Invoking command in '/home/vagrant/turtlebot3_ws/build/turtlebot3_fake_node': CMAKE_PREFIX_PATH=${CMAKE_PREFIX_PATH}:/home/vagrant/turtlebot3_ws/install/my_first_subscriber:/home/vagrant/turtlebot3_ws/install/my_first_publisher:/opt/ros/foxy PS1=\[\e]0;\u@\h: \w\a\]${debian_chroot:+($debian_chroot)}\[\033[01;32m\]\u@\h\[\033[00m\]:\[\033[01;34m\]\w\[\033[00m\]\$ /usr/bin/cmake --install /home/vagrant/turtlebot3_ws/build/turtlebot3_fake_node
[9.692s] Level 1:colcon.colcon_core.environment:create_environment_scripts_only(turtlebot3_fake_node)
[9.694s] DEBUG:colcon.colcon_core.event_handler.log_command:Invoked command in '/home/vagrant/turtlebot3_ws/build/turtlebot3_fake_node' returned '0': CMAKE_PREFIX_PATH=${CMAKE_PREFIX_PATH}:/home/vagrant/turtlebot3_ws/install/my_first_subscriber:/home/vagrant/turtlebot3_ws/install/my_first_publisher:/opt/ros/foxy PS1=\[\e]0;\u@\h: \w\a\]${debian_chroot:+($debian_chroot)}\[\033[01;32m\]\u@\h\[\033[00m\]:\[\033[01;34m\]\w\[\033[00m\]\$ /usr/bin/cmake --install /home/vagrant/turtlebot3_ws/build/turtlebot3_fake_node
[9.695s] Level 1:colcon.colcon_core.environment:checking '/home/vagrant/turtlebot3_ws/install/turtlebot3_fake_node' for CMake module files
[9.695s] Level 1:colcon.colcon_core.environment:checking '/home/vagrant/turtlebot3_ws/install/turtlebot3_fake_node' for CMake config files
[9.696s] Level 1:colcon.colcon_core.shell:create_environment_hook('turtlebot3_fake_node', 'cmake_prefix_path')
[9.696s] INFO:colcon.colcon_core.shell:Creating environment hook '/home/vagrant/turtlebot3_ws/install/turtlebot3_fake_node/share/turtlebot3_fake_node/hook/cmake_prefix_path.ps1'
[9.696s] INFO:colcon.colcon_core.shell:Creating environment descriptor '/home/vagrant/turtlebot3_ws/install/turtlebot3_fake_node/share/turtlebot3_fake_node/hook/cmake_prefix_path.dsv'
[9.697s] INFO:colcon.colcon_core.shell:Creating environment hook '/home/vagrant/turtlebot3_ws/install/turtlebot3_fake_node/share/turtlebot3_fake_node/hook/cmake_prefix_path.sh'
[9.697s] Level 1:colcon.colcon_core.environment:checking '/home/vagrant/turtlebot3_ws/install/turtlebot3_fake_node/lib'
[9.698s] Level 1:colcon.colcon_core.environment:checking '/home/vagrant/turtlebot3_ws/install/turtlebot3_fake_node/bin'
[9.698s] Level 1:colcon.colcon_core.environment:checking '/home/vagrant/turtlebot3_ws/install/turtlebot3_fake_node/lib/pkgconfig/turtlebot3_fake_node.pc'
[9.698s] Level 1:colcon.colcon_core.environment:checking '/home/vagrant/turtlebot3_ws/install/turtlebot3_fake_node/lib/python3.8/site-packages'
[9.698s] INFO:colcon.colcon_core.shell:Creating package script '/home/vagrant/turtlebot3_ws/install/turtlebot3_fake_node/share/turtlebot3_fake_node/package.ps1'
[9.699s] INFO:colcon.colcon_core.shell:Creating package descriptor '/home/vagrant/turtlebot3_ws/install/turtlebot3_fake_node/share/turtlebot3_fake_node/package.dsv'
[9.699s] INFO:colcon.colcon_core.shell:Creating package script '/home/vagrant/turtlebot3_ws/install/turtlebot3_fake_node/share/turtlebot3_fake_node/package.sh'
[9.699s] INFO:colcon.colcon_core.shell:Creating package script '/home/vagrant/turtlebot3_ws/install/turtlebot3_fake_node/share/turtlebot3_fake_node/package.bash'
[9.700s] INFO:colcon.colcon_core.shell:Creating package script '/home/vagrant/turtlebot3_ws/install/turtlebot3_fake_node/share/turtlebot3_fake_node/package.zsh'
[9.700s] Level 1:colcon.colcon_core.environment:create_file_with_runtime_dependencies(/home/vagrant/turtlebot3_ws/install/turtlebot3_fake_node/share/colcon-core/packages/turtlebot3_fake_node)
[9.940s] Level 1:colcon.colcon_core.environment:create_environment_scripts_only(turtlebot3_fake_node)
[9.941s] Level 1:colcon.colcon_core.environment:checking '/home/vagrant/turtlebot3_ws/install/turtlebot3_fake_node' for CMake module files
[9.941s] Level 1:colcon.colcon_core.environment:checking '/home/vagrant/turtlebot3_ws/install/turtlebot3_fake_node' for CMake config files
[9.941s] Level 1:colcon.colcon_core.shell:create_environment_hook('turtlebot3_fake_node', 'cmake_prefix_path')
[9.942s] INFO:colcon.colcon_core.shell:Creating environment hook '/home/vagrant/turtlebot3_ws/install/turtlebot3_fake_node/share/turtlebot3_fake_node/hook/cmake_prefix_path.ps1'
[9.942s] INFO:colcon.colcon_core.shell:Creating environment descriptor '/home/vagrant/turtlebot3_ws/install/turtlebot3_fake_node/share/turtlebot3_fake_node/hook/cmake_prefix_path.dsv'
[9.943s] INFO:colcon.colcon_core.shell:Creating environment hook '/home/vagrant/turtlebot3_ws/install/turtlebot3_fake_node/share/turtlebot3_fake_node/hook/cmake_prefix_path.sh'
[9.943s] Level 1:colcon.colcon_core.environment:checking '/home/vagrant/turtlebot3_ws/install/turtlebot3_fake_node/lib'
[9.943s] Level 1:colcon.colcon_core.environment:checking '/home/vagrant/turtlebot3_ws/install/turtlebot3_fake_node/bin'
[9.943s] Level 1:colcon.colcon_core.environment:checking '/home/vagrant/turtlebot3_ws/install/turtlebot3_fake_node/lib/pkgconfig/turtlebot3_fake_node.pc'
[9.943s] Level 1:colcon.colcon_core.environment:checking '/home/vagrant/turtlebot3_ws/install/turtlebot3_fake_node/lib/python3.8/site-packages'
[9.944s] INFO:colcon.colcon_core.shell:Creating package script '/home/vagrant/turtlebot3_ws/install/turtlebot3_fake_node/share/turtlebot3_fake_node/package.ps1'
[9.944s] INFO:colcon.colcon_core.shell:Creating package descriptor '/home/vagrant/turtlebot3_ws/install/turtlebot3_fake_node/share/turtlebot3_fake_node/package.dsv'
[9.944s] INFO:colcon.colcon_core.shell:Creating package script '/home/vagrant/turtlebot3_ws/install/turtlebot3_fake_node/share/turtlebot3_fake_node/package.sh'
[9.945s] INFO:colcon.colcon_core.shell:Creating package script '/home/vagrant/turtlebot3_ws/install/turtlebot3_fake_node/share/turtlebot3_fake_node/package.bash'
[9.945s] INFO:colcon.colcon_core.shell:Creating package script '/home/vagrant/turtlebot3_ws/install/turtlebot3_fake_node/share/turtlebot3_fake_node/package.zsh'
[9.945s] Level 1:colcon.colcon_core.environment:create_file_with_runtime_dependencies(/home/vagrant/turtlebot3_ws/install/turtlebot3_fake_node/share/colcon-core/packages/turtlebot3_fake_node)
[9.951s] INFO:colcon.colcon_ros.task.ament_cmake.build:Building ROS package in '/home/vagrant/turtlebot3_ws/src/custom_interface' with build type 'ament_cmake'
[9.951s] INFO:colcon.colcon_cmake.task.cmake.build:Building CMake package in '/home/vagrant/turtlebot3_ws/src/custom_interface'
[9.952s] INFO:colcon.colcon_core.shell:Skip shell extension 'powershell' for command environment: Not usable outside of PowerShell
[9.952s] DEBUG:colcon.colcon_core.shell:Skip shell extension 'dsv' for command environment
[9.994s] DEBUG:colcon.colcon_core.event_handler.log_command:Invoking command in '/home/vagrant/turtlebot3_ws/build/custom_interface': CMAKE_PREFIX_PATH=${CMAKE_PREFIX_PATH}:/home/vagrant/turtlebot3_ws/install/my_first_subscriber:/home/vagrant/turtlebot3_ws/install/my_first_publisher:/opt/ros/foxy PS1=\[\e]0;\u@\h: \w\a\]${debian_chroot:+($debian_chroot)}\[\033[01;32m\]\u@\h\[\033[00m\]:\[\033[01;34m\]\w\[\033[00m\]\$ /usr/bin/cmake /home/vagrant/turtlebot3_ws/src/custom_interface -DCMAKE_INSTALL_PREFIX=/home/vagrant/turtlebot3_ws/install/custom_interface
[13.390s] DEBUG:colcon.colcon_core.event_handler.log_command:Invoked command in '/home/vagrant/turtlebot3_ws/build/custom_interface' returned '0': CMAKE_PREFIX_PATH=${CMAKE_PREFIX_PATH}:/home/vagrant/turtlebot3_ws/install/my_first_subscriber:/home/vagrant/turtlebot3_ws/install/my_first_publisher:/opt/ros/foxy PS1=\[\e]0;\u@\h: \w\a\]${debian_chroot:+($debian_chroot)}\[\033[01;32m\]\u@\h\[\033[00m\]:\[\033[01;34m\]\w\[\033[00m\]\$ /usr/bin/cmake /home/vagrant/turtlebot3_ws/src/custom_interface -DCMAKE_INSTALL_PREFIX=/home/vagrant/turtlebot3_ws/install/custom_interface
[13.391s] DEBUG:colcon.colcon_core.event_handler.log_command:Invoking command in '/home/vagrant/turtlebot3_ws/build/custom_interface': CMAKE_PREFIX_PATH=${CMAKE_PREFIX_PATH}:/home/vagrant/turtlebot3_ws/install/my_first_subscriber:/home/vagrant/turtlebot3_ws/install/my_first_publisher:/opt/ros/foxy PS1=\[\e]0;\u@\h: \w\a\]${debian_chroot:+($debian_chroot)}\[\033[01;32m\]\u@\h\[\033[00m\]:\[\033[01;34m\]\w\[\033[00m\]\$ /usr/bin/cmake --build /home/vagrant/turtlebot3_ws/build/custom_interface -- -j2 -l2
[18.628s] DEBUG:colcon.colcon_core.event_handler.log_command:Invoked command in '/home/vagrant/turtlebot3_ws/build/custom_interface' returned '0': CMAKE_PREFIX_PATH=${CMAKE_PREFIX_PATH}:/home/vagrant/turtlebot3_ws/install/my_first_subscriber:/home/vagrant/turtlebot3_ws/install/my_first_publisher:/opt/ros/foxy PS1=\[\e]0;\u@\h: \w\a\]${debian_chroot:+($debian_chroot)}\[\033[01;32m\]\u@\h\[\033[00m\]:\[\033[01;34m\]\w\[\033[00m\]\$ /usr/bin/cmake --build /home/vagrant/turtlebot3_ws/build/custom_interface -- -j2 -l2
[19.277s] DEBUG:colcon.colcon_core.event_handler.log_command:Invoking command in '/home/vagrant/turtlebot3_ws/build/custom_interface': CMAKE_PREFIX_PATH=${CMAKE_PREFIX_PATH}:/home/vagrant/turtlebot3_ws/install/my_first_subscriber:/home/vagrant/turtlebot3_ws/install/my_first_publisher:/opt/ros/foxy PS1=\[\e]0;\u@\h: \w\a\]${debian_chroot:+($debian_chroot)}\[\033[01;32m\]\u@\h\[\033[00m\]:\[\033[01;34m\]\w\[\033[00m\]\$ /usr/bin/cmake --install /home/vagrant/turtlebot3_ws/build/custom_interface
[19.389s] Level 1:colcon.colcon_core.environment:create_environment_scripts_only(custom_interface)
[19.390s] Level 1:colcon.colcon_core.environment:checking '/home/vagrant/turtlebot3_ws/install/custom_interface' for CMake module files
[19.391s] Level 1:colcon.colcon_core.environment:checking '/home/vagrant/turtlebot3_ws/install/custom_interface' for CMake config files
[19.391s] Level 1:colcon.colcon_core.shell:create_environment_hook('custom_interface', 'cmake_prefix_path')
[19.391s] INFO:colcon.colcon_core.shell:Creating environment hook '/home/vagrant/turtlebot3_ws/install/custom_interface/share/custom_interface/hook/cmake_prefix_path.ps1'
[19.392s] INFO:colcon.colcon_core.shell:Creating environment descriptor '/home/vagrant/turtlebot3_ws/install/custom_interface/share/custom_interface/hook/cmake_prefix_path.dsv'
[19.392s] INFO:colcon.colcon_core.shell:Creating environment hook '/home/vagrant/turtlebot3_ws/install/custom_interface/share/custom_interface/hook/cmake_prefix_path.sh'
[19.392s] Level 1:colcon.colcon_core.environment:checking '/home/vagrant/turtlebot3_ws/install/custom_interface/lib'
[19.392s] Level 1:colcon.colcon_core.shell:create_environment_hook('custom_interface', 'ld_library_path_lib')
[19.393s] INFO:colcon.colcon_core.shell:Creating environment hook '/home/vagrant/turtlebot3_ws/install/custom_interface/share/custom_interface/hook/ld_library_path_lib.ps1'
[19.393s] INFO:colcon.colcon_core.shell:Creating environment descriptor '/home/vagrant/turtlebot3_ws/install/custom_interface/share/custom_interface/hook/ld_library_path_lib.dsv'
[19.393s] INFO:colcon.colcon_core.shell:Creating environment hook '/home/vagrant/turtlebot3_ws/install/custom_interface/share/custom_interface/hook/ld_library_path_lib.sh'
[19.393s] Level 1:colcon.colcon_core.environment:checking '/home/vagrant/turtlebot3_ws/install/custom_interface/bin'
[19.394s] Level 1:colcon.colcon_core.environment:checking '/home/vagrant/turtlebot3_ws/install/custom_interface/lib/pkgconfig/custom_interface.pc'
[19.394s] Level 1:colcon.colcon_core.environment:checking '/home/vagrant/turtlebot3_ws/install/custom_interface/lib/python3.8/site-packages'
[19.394s] Level 1:colcon.colcon_core.shell:create_environment_hook('custom_interface', 'pythonpath')
[19.394s] INFO:colcon.colcon_core.shell:Creating environment hook '/home/vagrant/turtlebot3_ws/install/custom_interface/share/custom_interface/hook/pythonpath.ps1'
[19.394s] INFO:colcon.colcon_core.shell:Creating environment descriptor '/home/vagrant/turtlebot3_ws/install/custom_interface/share/custom_interface/hook/pythonpath.dsv'
[19.394s] INFO:colcon.colcon_core.shell:Creating environment hook '/home/vagrant/turtlebot3_ws/install/custom_interface/share/custom_interface/hook/pythonpath.sh'
[19.395s] INFO:colcon.colcon_core.shell:Creating package script '/home/vagrant/turtlebot3_ws/install/custom_interface/share/custom_interface/package.ps1'
[19.395s] INFO:colcon.colcon_core.shell:Creating package descriptor '/home/vagrant/turtlebot3_ws/install/custom_interface/share/custom_interface/package.dsv'
[19.396s] INFO:colcon.colcon_core.shell:Creating package script '/home/vagrant/turtlebot3_ws/install/custom_interface/share/custom_interface/package.sh'
[19.396s] INFO:colcon.colcon_core.shell:Creating package script '/home/vagrant/turtlebot3_ws/install/custom_interface/share/custom_interface/package.bash'
[19.396s] INFO:colcon.colcon_core.shell:Creating package script '/home/vagrant/turtlebot3_ws/install/custom_interface/share/custom_interface/package.zsh'
[19.396s] Level 1:colcon.colcon_core.environment:create_file_with_runtime_dependencies(/home/vagrant/turtlebot3_ws/install/custom_interface/share/colcon-core/packages/custom_interface)
[19.403s] DEBUG:colcon.colcon_core.event_handler.log_command:Invoked command in '/home/vagrant/turtlebot3_ws/build/custom_interface' returned '0': CMAKE_PREFIX_PATH=${CMAKE_PREFIX_PATH}:/home/vagrant/turtlebot3_ws/install/my_first_subscriber:/home/vagrant/turtlebot3_ws/install/my_first_publisher:/opt/ros/foxy PS1=\[\e]0;\u@\h: \w\a\]${debian_chroot:+($debian_chroot)}\[\033[01;32m\]\u@\h\[\033[00m\]:\[\033[01;34m\]\w\[\033[00m\]\$ /usr/bin/cmake --install /home/vagrant/turtlebot3_ws/build/custom_interface
[20.204s] Level 1:colcon.colcon_core.environment:create_environment_scripts_only(custom_interface)
[20.205s] Level 1:colcon.colcon_core.environment:checking '/home/vagrant/turtlebot3_ws/install/custom_interface' for CMake module files
[20.206s] Level 1:colcon.colcon_core.environment:checking '/home/vagrant/turtlebot3_ws/install/custom_interface' for CMake config files
[20.206s] Level 1:colcon.colcon_core.shell:create_environment_hook('custom_interface', 'cmake_prefix_path')
[20.206s] INFO:colcon.colcon_core.shell:Creating environment hook '/home/vagrant/turtlebot3_ws/install/custom_interface/share/custom_interface/hook/cmake_prefix_path.ps1'
[20.207s] INFO:colcon.colcon_core.shell:Creating environment descriptor '/home/vagrant/turtlebot3_ws/install/custom_interface/share/custom_interface/hook/cmake_prefix_path.dsv'
[20.207s] INFO:colcon.colcon_core.shell:Creating environment hook '/home/vagrant/turtlebot3_ws/install/custom_interface/share/custom_interface/hook/cmake_prefix_path.sh'
[20.208s] Level 1:colcon.colcon_core.environment:checking '/home/vagrant/turtlebot3_ws/install/custom_interface/lib'
[20.208s] Level 1:colcon.colcon_core.shell:create_environment_hook('custom_interface', 'ld_library_path_lib')
[20.208s] INFO:colcon.colcon_core.shell:Creating environment hook '/home/vagrant/turtlebot3_ws/install/custom_interface/share/custom_interface/hook/ld_library_path_lib.ps1'
[20.208s] INFO:colcon.colcon_core.shell:Creating environment descriptor '/home/vagrant/turtlebot3_ws/install/custom_interface/share/custom_interface/hook/ld_library_path_lib.dsv'
[20.209s] INFO:colcon.colcon_core.shell:Creating environment hook '/home/vagrant/turtlebot3_ws/install/custom_interface/share/custom_interface/hook/ld_library_path_lib.sh'
[20.209s] Level 1:colcon.colcon_core.environment:checking '/home/vagrant/turtlebot3_ws/install/custom_interface/bin'
[20.209s] Level 1:colcon.colcon_core.environment:checking '/home/vagrant/turtlebot3_ws/install/custom_interface/lib/pkgconfig/custom_interface.pc'
[20.209s] Level 1:colcon.colcon_core.environment:checking '/home/vagrant/turtlebot3_ws/install/custom_interface/lib/python3.8/site-packages'
[20.209s] Level 1:colcon.colcon_core.shell:create_environment_hook('custom_interface', 'pythonpath')
[20.213s] INFO:colcon.colcon_core.shell:Creating environment hook '/home/vagrant/turtlebot3_ws/install/custom_interface/share/custom_interface/hook/pythonpath.ps1'
[20.213s] INFO:colcon.colcon_core.shell:Creating environment descriptor '/home/vagrant/turtlebot3_ws/install/custom_interface/share/custom_interface/hook/pythonpath.dsv'
[20.214s] INFO:colcon.colcon_core.shell:Creating environment hook '/home/vagrant/turtlebot3_ws/install/custom_interface/share/custom_interface/hook/pythonpath.sh'
[20.215s] INFO:colcon.colcon_core.shell:Creating package script '/home/vagrant/turtlebot3_ws/install/custom_interface/share/custom_interface/package.ps1'
[20.215s] INFO:colcon.colcon_core.shell:Creating package descriptor '/home/vagrant/turtlebot3_ws/install/custom_interface/share/custom_interface/package.dsv'
[20.215s] INFO:colcon.colcon_core.shell:Creating package script '/home/vagrant/turtlebot3_ws/install/custom_interface/share/custom_interface/package.sh'
[20.216s] INFO:colcon.colcon_core.shell:Creating package script '/home/vagrant/turtlebot3_ws/install/custom_interface/share/custom_interface/package.bash'
[20.216s] INFO:colcon.colcon_core.shell:Creating package script '/home/vagrant/turtlebot3_ws/install/custom_interface/share/custom_interface/package.zsh'
[20.217s] Level 1:colcon.colcon_core.environment:create_file_with_runtime_dependencies(/home/vagrant/turtlebot3_ws/install/custom_interface/share/colcon-core/packages/custom_interface)
[20.222s] INFO:colcon.colcon_ros.task.ament_python.build:Building ROS package in '/home/vagrant/turtlebot3_ws/src/my_first_publisher' with build type 'ament_python'
[20.223s] Level 1:colcon.colcon_core.shell:create_environment_hook('my_first_publisher', 'ament_prefix_path')
[20.223s] INFO:colcon.colcon_core.shell:Creating environment hook '/home/vagrant/turtlebot3_ws/install/my_first_publisher/share/my_first_publisher/hook/ament_prefix_path.ps1'
[20.223s] INFO:colcon.colcon_core.shell:Creating environment descriptor '/home/vagrant/turtlebot3_ws/install/my_first_publisher/share/my_first_publisher/hook/ament_prefix_path.dsv'
[20.224s] INFO:colcon.colcon_core.shell:Creating environment hook '/home/vagrant/turtlebot3_ws/install/my_first_publisher/share/my_first_publisher/hook/ament_prefix_path.sh'
[20.224s] INFO:colcon.colcon_core.shell:Skip shell extension 'powershell' for command environment: Not usable outside of PowerShell
[20.224s] DEBUG:colcon.colcon_core.shell:Skip shell extension 'dsv' for command environment
[20.621s] INFO:colcon.colcon_core.task.python.build:Building Python package in '/home/vagrant/turtlebot3_ws/src/my_first_publisher'
[20.621s] INFO:colcon.colcon_core.shell:Skip shell extension 'powershell' for command environment: Not usable outside of PowerShell
[20.621s] DEBUG:colcon.colcon_core.shell:Skip shell extension 'dsv' for command environment
[21.153s] DEBUG:colcon.colcon_core.event_handler.log_command:Invoking command in '/home/vagrant/turtlebot3_ws/src/my_first_publisher': PS1=\[\e]0;\u@\h: \w\a\]${debian_chroot:+($debian_chroot)}\[\033[01;32m\]\u@\h\[\033[00m\]:\[\033[01;34m\]\w\[\033[00m\]\$ PYTHONPATH=/home/vagrant/turtlebot3_ws/install/my_first_publisher/lib/python3.8/site-packages:${PYTHONPATH} /usr/bin/python3 setup.py egg_info --egg-base ../../build/my_first_publisher build --build-base /home/vagrant/turtlebot3_ws/build/my_first_publisher/build install --prefix /home/vagrant/turtlebot3_ws/install/my_first_publisher --record /home/vagrant/turtlebot3_ws/build/my_first_publisher/install.log --single-version-externally-managed
[21.546s] Level 1:colcon.colcon_core.environment:checking '/home/vagrant/turtlebot3_ws/install/my_first_publisher' for CMake module files
[21.547s] Level 1:colcon.colcon_core.environment:checking '/home/vagrant/turtlebot3_ws/install/my_first_publisher' for CMake config files
[21.547s] Level 1:colcon.colcon_core.environment:checking '/home/vagrant/turtlebot3_ws/install/my_first_publisher/lib'
[21.547s] Level 1:colcon.colcon_core.environment:checking '/home/vagrant/turtlebot3_ws/install/my_first_publisher/bin'
[21.547s] Level 1:colcon.colcon_core.environment:checking '/home/vagrant/turtlebot3_ws/install/my_first_publisher/lib/pkgconfig/my_first_publisher.pc'
[21.547s] Level 1:colcon.colcon_core.environment:checking '/home/vagrant/turtlebot3_ws/install/my_first_publisher/lib/python3.8/site-packages'
[21.547s] Level 1:colcon.colcon_core.shell:create_environment_hook('my_first_publisher', 'pythonpath')
[21.548s] INFO:colcon.colcon_core.shell:Creating environment hook '/home/vagrant/turtlebot3_ws/install/my_first_publisher/share/my_first_publisher/hook/pythonpath.ps1'
[21.548s] INFO:colcon.colcon_core.shell:Creating environment descriptor '/home/vagrant/turtlebot3_ws/install/my_first_publisher/share/my_first_publisher/hook/pythonpath.dsv'
[21.548s] INFO:colcon.colcon_core.shell:Creating environment hook '/home/vagrant/turtlebot3_ws/install/my_first_publisher/share/my_first_publisher/hook/pythonpath.sh'
[21.549s] Level 1:colcon.colcon_core.environment:create_environment_scripts_only(my_first_publisher)
[21.549s] INFO:colcon.colcon_core.shell:Creating package script '/home/vagrant/turtlebot3_ws/install/my_first_publisher/share/my_first_publisher/package.ps1'
[21.550s] DEBUG:colcon.colcon_core.event_handler.log_command:Invoked command in '/home/vagrant/turtlebot3_ws/src/my_first_publisher' returned '0': PS1=\[\e]0;\u@\h: \w\a\]${debian_chroot:+($debian_chroot)}\[\033[01;32m\]\u@\h\[\033[00m\]:\[\033[01;34m\]\w\[\033[00m\]\$ PYTHONPATH=/home/vagrant/turtlebot3_ws/install/my_first_publisher/lib/python3.8/site-packages:${PYTHONPATH} /usr/bin/python3 setup.py egg_info --egg-base ../../build/my_first_publisher build --build-base /home/vagrant/turtlebot3_ws/build/my_first_publisher/build install --prefix /home/vagrant/turtlebot3_ws/install/my_first_publisher --record /home/vagrant/turtlebot3_ws/build/my_first_publisher/install.log --single-version-externally-managed
[21.551s] INFO:colcon.colcon_core.shell:Creating package descriptor '/home/vagrant/turtlebot3_ws/install/my_first_publisher/share/my_first_publisher/package.dsv'
[21.551s] INFO:colcon.colcon_core.shell:Creating package script '/home/vagrant/turtlebot3_ws/install/my_first_publisher/share/my_first_publisher/package.sh'
[21.552s] INFO:colcon.colcon_core.shell:Creating package script '/home/vagrant/turtlebot3_ws/install/my_first_publisher/share/my_first_publisher/package.bash'
[21.552s] INFO:colcon.colcon_core.shell:Creating package script '/home/vagrant/turtlebot3_ws/install/my_first_publisher/share/my_first_publisher/package.zsh'
[21.552s] Level 1:colcon.colcon_core.environment:create_file_with_runtime_dependencies(/home/vagrant/turtlebot3_ws/install/my_first_publisher/share/colcon-core/packages/my_first_publisher)
[21.554s] INFO:colcon.colcon_ros.task.ament_python.build:Building ROS package in '/home/vagrant/turtlebot3_ws/src/my_first_subscriber' with build type 'ament_python'
[21.555s] Level 1:colcon.colcon_core.shell:create_environment_hook('my_first_subscriber', 'ament_prefix_path')
[21.555s] INFO:colcon.colcon_core.shell:Creating environment hook '/home/vagrant/turtlebot3_ws/install/my_first_subscriber/share/my_first_subscriber/hook/ament_prefix_path.ps1'
[21.555s] INFO:colcon.colcon_core.shell:Creating environment descriptor '/home/vagrant/turtlebot3_ws/install/my_first_subscriber/share/my_first_subscriber/hook/ament_prefix_path.dsv'
[21.556s] INFO:colcon.colcon_core.shell:Creating environment hook '/home/vagrant/turtlebot3_ws/install/my_first_subscriber/share/my_first_subscriber/hook/ament_prefix_path.sh'
[21.556s] INFO:colcon.colcon_core.shell:Skip shell extension 'powershell' for command environment: Not usable outside of PowerShell
[21.556s] DEBUG:colcon.colcon_core.shell:Skip shell extension 'dsv' for command environment
[21.810s] INFO:colcon.colcon_core.task.python.build:Building Python package in '/home/vagrant/turtlebot3_ws/src/my_first_subscriber'
[21.811s] INFO:colcon.colcon_core.shell:Skip shell extension 'powershell' for command environment: Not usable outside of PowerShell
[21.811s] DEBUG:colcon.colcon_core.shell:Skip shell extension 'dsv' for command environment
[22.158s] DEBUG:colcon.colcon_core.event_handler.log_command:Invoking command in '/home/vagrant/turtlebot3_ws/src/my_first_subscriber': PS1=\[\e]0;\u@\h: \w\a\]${debian_chroot:+($debian_chroot)}\[\033[01;32m\]\u@\h\[\033[00m\]:\[\033[01;34m\]\w\[\033[00m\]\$ PYTHONPATH=/home/vagrant/turtlebot3_ws/install/my_first_subscriber/lib/python3.8/site-packages:${PYTHONPATH} /usr/bin/python3 setup.py egg_info --egg-base ../../build/my_first_subscriber build --build-base /home/vagrant/turtlebot3_ws/build/my_first_subscriber/build install --prefix /home/vagrant/turtlebot3_ws/install/my_first_subscriber --record /home/vagrant/turtlebot3_ws/build/my_first_subscriber/install.log --single-version-externally-managed
[22.401s] Level 1:colcon.colcon_core.environment:checking '/home/vagrant/turtlebot3_ws/install/my_first_subscriber' for CMake module files
[22.402s] Level 1:colcon.colcon_core.environment:checking '/home/vagrant/turtlebot3_ws/install/my_first_subscriber' for CMake config files
[22.402s] Level 1:colcon.colcon_core.environment:checking '/home/vagrant/turtlebot3_ws/install/my_first_subscriber/lib'
[22.402s] Level 1:colcon.colcon_core.environment:checking '/home/vagrant/turtlebot3_ws/install/my_first_subscriber/bin'
[22.402s] Level 1:colcon.colcon_core.environment:checking '/home/vagrant/turtlebot3_ws/install/my_first_subscriber/lib/pkgconfig/my_first_subscriber.pc'
[22.402s] Level 1:colcon.colcon_core.environment:checking '/home/vagrant/turtlebot3_ws/install/my_first_subscriber/lib/python3.8/site-packages'
[22.402s] Level 1:colcon.colcon_core.shell:create_environment_hook('my_first_subscriber', 'pythonpath')
[22.403s] INFO:colcon.colcon_core.shell:Creating environment hook '/home/vagrant/turtlebot3_ws/install/my_first_subscriber/share/my_first_subscriber/hook/pythonpath.ps1'
[22.403s] INFO:colcon.colcon_core.shell:Creating environment descriptor '/home/vagrant/turtlebot3_ws/install/my_first_subscriber/share/my_first_subscriber/hook/pythonpath.dsv'
[22.403s] INFO:colcon.colcon_core.shell:Creating environment hook '/home/vagrant/turtlebot3_ws/install/my_first_subscriber/share/my_first_subscriber/hook/pythonpath.sh'
[22.404s] Level 1:colcon.colcon_core.environment:create_environment_scripts_only(my_first_subscriber)
[22.404s] INFO:colcon.colcon_core.shell:Creating package script '/home/vagrant/turtlebot3_ws/install/my_first_subscriber/share/my_first_subscriber/package.ps1'
[22.404s] INFO:colcon.colcon_core.shell:Creating package descriptor '/home/vagrant/turtlebot3_ws/install/my_first_subscriber/share/my_first_subscriber/package.dsv'
[22.405s] INFO:colcon.colcon_core.shell:Creating package script '/home/vagrant/turtlebot3_ws/install/my_first_subscriber/share/my_first_subscriber/package.sh'
[22.405s] INFO:colcon.colcon_core.shell:Creating package script '/home/vagrant/turtlebot3_ws/install/my_first_subscriber/share/my_first_subscriber/package.bash'
[22.405s] INFO:colcon.colcon_core.shell:Creating package script '/home/vagrant/turtlebot3_ws/install/my_first_subscriber/share/my_first_subscriber/package.zsh'
[22.405s] Level 1:colcon.colcon_core.environment:create_file_with_runtime_dependencies(/home/vagrant/turtlebot3_ws/install/my_first_subscriber/share/colcon-core/packages/my_first_subscriber)
[22.406s] DEBUG:colcon.colcon_core.event_handler.log_command:Invoked command in '/home/vagrant/turtlebot3_ws/src/my_first_subscriber' returned '0': PS1=\[\e]0;\u@\h: \w\a\]${debian_chroot:+($debian_chroot)}\[\033[01;32m\]\u@\h\[\033[00m\]:\[\033[01;34m\]\w\[\033[00m\]\$ PYTHONPATH=/home/vagrant/turtlebot3_ws/install/my_first_subscriber/lib/python3.8/site-packages:${PYTHONPATH} /usr/bin/python3 setup.py egg_info --egg-base ../../build/my_first_subscriber build --build-base /home/vagrant/turtlebot3_ws/build/my_first_subscriber/build install --prefix /home/vagrant/turtlebot3_ws/install/my_first_subscriber --record /home/vagrant/turtlebot3_ws/build/my_first_subscriber/install.log --single-version-externally-managed
[23.845s] DEBUG:colcon.colcon_core.event_handler.log_command:Invoked command in '/home/vagrant/turtlebot3_ws/build/turtlebot3_gazebo' returned '0': CMAKE_PREFIX_PATH=${CMAKE_PREFIX_PATH}:/home/vagrant/turtlebot3_ws/install/my_first_subscriber:/home/vagrant/turtlebot3_ws/install/my_first_publisher:/opt/ros/foxy PS1=\[\e]0;\u@\h: \w\a\]${debian_chroot:+($debian_chroot)}\[\033[01;32m\]\u@\h\[\033[00m\]:\[\033[01;34m\]\w\[\033[00m\]\$ /usr/bin/cmake --build /home/vagrant/turtlebot3_ws/build/turtlebot3_gazebo -- -j2 -l2
[23.872s] DEBUG:colcon.colcon_core.event_handler.log_command:Invoking command in '/home/vagrant/turtlebot3_ws/build/turtlebot3_gazebo': CMAKE_PREFIX_PATH=${CMAKE_PREFIX_PATH}:/home/vagrant/turtlebot3_ws/install/my_first_subscriber:/home/vagrant/turtlebot3_ws/install/my_first_publisher:/opt/ros/foxy PS1=\[\e]0;\u@\h: \w\a\]${debian_chroot:+($debian_chroot)}\[\033[01;32m\]\u@\h\[\033[00m\]:\[\033[01;34m\]\w\[\033[00m\]\$ /usr/bin/cmake --install /home/vagrant/turtlebot3_ws/build/turtlebot3_gazebo
[23.908s] Level 1:colcon.colcon_core.environment:create_environment_scripts_only(turtlebot3_gazebo)
[23.909s] Level 1:colcon.colcon_core.environment:checking '/home/vagrant/turtlebot3_ws/install/turtlebot3_gazebo' for CMake module files
[23.909s] Level 1:colcon.colcon_core.environment:checking '/home/vagrant/turtlebot3_ws/install/turtlebot3_gazebo' for CMake config files
[23.910s] Level 1:colcon.colcon_core.shell:create_environment_hook('turtlebot3_gazebo', 'cmake_prefix_path')
[23.910s] INFO:colcon.colcon_core.shell:Creating environment hook '/home/vagrant/turtlebot3_ws/install/turtlebot3_gazebo/share/turtlebot3_gazebo/hook/cmake_prefix_path.ps1'
[23.910s] INFO:colcon.colcon_core.shell:Creating environment descriptor '/home/vagrant/turtlebot3_ws/install/turtlebot3_gazebo/share/turtlebot3_gazebo/hook/cmake_prefix_path.dsv'
[23.911s] INFO:colcon.colcon_core.shell:Creating environment hook '/home/vagrant/turtlebot3_ws/install/turtlebot3_gazebo/share/turtlebot3_gazebo/hook/cmake_prefix_path.sh'
[23.911s] Level 1:colcon.colcon_core.environment:checking '/home/vagrant/turtlebot3_ws/install/turtlebot3_gazebo/lib'
[23.911s] Level 1:colcon.colcon_core.environment:checking '/home/vagrant/turtlebot3_ws/install/turtlebot3_gazebo/bin'
[23.911s] Level 1:colcon.colcon_core.environment:checking '/home/vagrant/turtlebot3_ws/install/turtlebot3_gazebo/lib/pkgconfig/turtlebot3_gazebo.pc'
[23.911s] Level 1:colcon.colcon_core.environment:checking '/home/vagrant/turtlebot3_ws/install/turtlebot3_gazebo/lib/python3.8/site-packages'
[23.912s] INFO:colcon.colcon_core.shell:Creating package script '/home/vagrant/turtlebot3_ws/install/turtlebot3_gazebo/share/turtlebot3_gazebo/package.ps1'
[23.912s] INFO:colcon.colcon_core.shell:Creating package descriptor '/home/vagrant/turtlebot3_ws/install/turtlebot3_gazebo/share/turtlebot3_gazebo/package.dsv'
[23.912s] INFO:colcon.colcon_core.shell:Creating package script '/home/vagrant/turtlebot3_ws/install/turtlebot3_gazebo/share/turtlebot3_gazebo/package.sh'
[23.912s] INFO:colcon.colcon_core.shell:Creating package script '/home/vagrant/turtlebot3_ws/install/turtlebot3_gazebo/share/turtlebot3_gazebo/package.bash'
[23.913s] INFO:colcon.colcon_core.shell:Creating package script '/home/vagrant/turtlebot3_ws/install/turtlebot3_gazebo/share/turtlebot3_gazebo/package.zsh'
[23.913s] Level 1:colcon.colcon_core.environment:create_file_with_runtime_dependencies(/home/vagrant/turtlebot3_ws/install/turtlebot3_gazebo/share/colcon-core/packages/turtlebot3_gazebo)
[23.914s] DEBUG:colcon.colcon_core.event_handler.log_command:Invoked command in '/home/vagrant/turtlebot3_ws/build/turtlebot3_gazebo' returned '0': CMAKE_PREFIX_PATH=${CMAKE_PREFIX_PATH}:/home/vagrant/turtlebot3_ws/install/my_first_subscriber:/home/vagrant/turtlebot3_ws/install/my_first_publisher:/opt/ros/foxy PS1=\[\e]0;\u@\h: \w\a\]${debian_chroot:+($debian_chroot)}\[\033[01;32m\]\u@\h\[\033[00m\]:\[\033[01;34m\]\w\[\033[00m\]\$ /usr/bin/cmake --install /home/vagrant/turtlebot3_ws/build/turtlebot3_gazebo
[23.939s] Level 1:colcon.colcon_core.environment:create_environment_scripts_only(turtlebot3_gazebo)
[23.939s] Level 1:colcon.colcon_core.environment:checking '/home/vagrant/turtlebot3_ws/install/turtlebot3_gazebo' for CMake module files
[23.939s] Level 1:colcon.colcon_core.environment:checking '/home/vagrant/turtlebot3_ws/install/turtlebot3_gazebo' for CMake config files
[23.940s] Level 1:colcon.colcon_core.shell:create_environment_hook('turtlebot3_gazebo', 'cmake_prefix_path')
[23.940s] INFO:colcon.colcon_core.shell:Creating environment hook '/home/vagrant/turtlebot3_ws/install/turtlebot3_gazebo/share/turtlebot3_gazebo/hook/cmake_prefix_path.ps1'
[23.941s] INFO:colcon.colcon_core.shell:Creating environment descriptor '/home/vagrant/turtlebot3_ws/install/turtlebot3_gazebo/share/turtlebot3_gazebo/hook/cmake_prefix_path.dsv'
[23.941s] INFO:colcon.colcon_core.shell:Creating environment hook '/home/vagrant/turtlebot3_ws/install/turtlebot3_gazebo/share/turtlebot3_gazebo/hook/cmake_prefix_path.sh'
[23.942s] Level 1:colcon.colcon_core.environment:checking '/home/vagrant/turtlebot3_ws/install/turtlebot3_gazebo/lib'
[23.942s] Level 1:colcon.colcon_core.environment:checking '/home/vagrant/turtlebot3_ws/install/turtlebot3_gazebo/bin'
[23.942s] Level 1:colcon.colcon_core.environment:checking '/home/vagrant/turtlebot3_ws/install/turtlebot3_gazebo/lib/pkgconfig/turtlebot3_gazebo.pc'
[23.942s] Level 1:colcon.colcon_core.environment:checking '/home/vagrant/turtlebot3_ws/install/turtlebot3_gazebo/lib/python3.8/site-packages'
[23.942s] INFO:colcon.colcon_core.shell:Creating package script '/home/vagrant/turtlebot3_ws/install/turtlebot3_gazebo/share/turtlebot3_gazebo/package.ps1'
[23.943s] INFO:colcon.colcon_core.shell:Creating package descriptor '/home/vagrant/turtlebot3_ws/install/turtlebot3_gazebo/share/turtlebot3_gazebo/package.dsv'
[23.943s] INFO:colcon.colcon_core.shell:Creating package script '/home/vagrant/turtlebot3_ws/install/turtlebot3_gazebo/share/turtlebot3_gazebo/package.sh'
[23.943s] INFO:colcon.colcon_core.shell:Creating package script '/home/vagrant/turtlebot3_ws/install/turtlebot3_gazebo/share/turtlebot3_gazebo/package.bash'
[23.943s] INFO:colcon.colcon_core.shell:Creating package script '/home/vagrant/turtlebot3_ws/install/turtlebot3_gazebo/share/turtlebot3_gazebo/package.zsh'
[23.944s] Level 1:colcon.colcon_core.environment:create_file_with_runtime_dependencies(/home/vagrant/turtlebot3_ws/install/turtlebot3_gazebo/share/colcon-core/packages/turtlebot3_gazebo)
[23.944s] INFO:colcon.colcon_ros.task.ament_cmake.build:Building ROS package in '/home/vagrant/turtlebot3_ws/src/turtlebot3_simulations/turtlebot3_simulations' with build type 'ament_cmake'
[23.945s] INFO:colcon.colcon_cmake.task.cmake.build:Building CMake package in '/home/vagrant/turtlebot3_ws/src/turtlebot3_simulations/turtlebot3_simulations'
[23.945s] INFO:colcon.colcon_core.shell:Skip shell extension 'powershell' for command environment: Not usable outside of PowerShell
[23.945s] DEBUG:colcon.colcon_core.shell:Skip shell extension 'dsv' for command environment
[23.953s] DEBUG:colcon.colcon_core.event_handler.log_command:Invoking command in '/home/vagrant/turtlebot3_ws/build/turtlebot3_simulations': CMAKE_PREFIX_PATH=/home/vagrant/turtlebot3_ws/install/turtlebot3_gazebo:/home/vagrant/turtlebot3_ws/install/turtlebot3_fake_node:/home/vagrant/turtlebot3_ws/install/turtlebot3_simulations:/home/vagrant/turtlebot3_ws/install/package_name:/home/vagrant/turtlebot3_ws/install/my_first_subscriber:/home/vagrant/turtlebot3_ws/install/my_first_publisher:/opt/ros/foxy PS1=\[\e]0;\u@\h: \w\a\]${debian_chroot:+($debian_chroot)}\[\033[01;32m\]\u@\h\[\033[00m\]:\[\033[01;34m\]\w\[\033[00m\]\$ /usr/bin/cmake /home/vagrant/turtlebot3_ws/src/turtlebot3_simulations/turtlebot3_simulations -DCMAKE_INSTALL_PREFIX=/home/vagrant/turtlebot3_ws/install/turtlebot3_simulations
[24.519s] DEBUG:colcon.colcon_core.event_handler.log_command:Invoked command in '/home/vagrant/turtlebot3_ws/build/turtlebot3_simulations' returned '0': CMAKE_PREFIX_PATH=/home/vagrant/turtlebot3_ws/install/turtlebot3_gazebo:/home/vagrant/turtlebot3_ws/install/turtlebot3_fake_node:/home/vagrant/turtlebot3_ws/install/turtlebot3_simulations:/home/vagrant/turtlebot3_ws/install/package_name:/home/vagrant/turtlebot3_ws/install/my_first_subscriber:/home/vagrant/turtlebot3_ws/install/my_first_publisher:/opt/ros/foxy PS1=\[\e]0;\u@\h: \w\a\]${debian_chroot:+($debian_chroot)}\[\033[01;32m\]\u@\h\[\033[00m\]:\[\033[01;34m\]\w\[\033[00m\]\$ /usr/bin/cmake /home/vagrant/turtlebot3_ws/src/turtlebot3_simulations/turtlebot3_simulations -DCMAKE_INSTALL_PREFIX=/home/vagrant/turtlebot3_ws/install/turtlebot3_simulations
[24.522s] DEBUG:colcon.colcon_core.event_handler.log_command:Invoking command in '/home/vagrant/turtlebot3_ws/build/turtlebot3_simulations': CMAKE_PREFIX_PATH=/home/vagrant/turtlebot3_ws/install/turtlebot3_gazebo:/home/vagrant/turtlebot3_ws/install/turtlebot3_fake_node:/home/vagrant/turtlebot3_ws/install/turtlebot3_simulations:/home/vagrant/turtlebot3_ws/install/package_name:/home/vagrant/turtlebot3_ws/install/my_first_subscriber:/home/vagrant/turtlebot3_ws/install/my_first_publisher:/opt/ros/foxy PS1=\[\e]0;\u@\h: \w\a\]${debian_chroot:+($debian_chroot)}\[\033[01;32m\]\u@\h\[\033[00m\]:\[\033[01;34m\]\w\[\033[00m\]\$ /usr/bin/cmake --build /home/vagrant/turtlebot3_ws/build/turtlebot3_simulations -- -j2 -l2
[24.552s] DEBUG:colcon.colcon_core.event_handler.log_command:Invoked command in '/home/vagrant/turtlebot3_ws/build/turtlebot3_simulations' returned '0': CMAKE_PREFIX_PATH=/home/vagrant/turtlebot3_ws/install/turtlebot3_gazebo:/home/vagrant/turtlebot3_ws/install/turtlebot3_fake_node:/home/vagrant/turtlebot3_ws/install/turtlebot3_simulations:/home/vagrant/turtlebot3_ws/install/package_name:/home/vagrant/turtlebot3_ws/install/my_first_subscriber:/home/vagrant/turtlebot3_ws/install/my_first_publisher:/opt/ros/foxy PS1=\[\e]0;\u@\h: \w\a\]${debian_chroot:+($debian_chroot)}\[\033[01;32m\]\u@\h\[\033[00m\]:\[\033[01;34m\]\w\[\033[00m\]\$ /usr/bin/cmake --build /home/vagrant/turtlebot3_ws/build/turtlebot3_simulations -- -j2 -l2
[24.585s] DEBUG:colcon.colcon_core.event_handler.log_command:Invoking command in '/home/vagrant/turtlebot3_ws/build/turtlebot3_simulations': CMAKE_PREFIX_PATH=/home/vagrant/turtlebot3_ws/install/turtlebot3_gazebo:/home/vagrant/turtlebot3_ws/install/turtlebot3_fake_node:/home/vagrant/turtlebot3_ws/install/turtlebot3_simulations:/home/vagrant/turtlebot3_ws/install/package_name:/home/vagrant/turtlebot3_ws/install/my_first_subscriber:/home/vagrant/turtlebot3_ws/install/my_first_publisher:/opt/ros/foxy PS1=\[\e]0;\u@\h: \w\a\]${debian_chroot:+($debian_chroot)}\[\033[01;32m\]\u@\h\[\033[00m\]:\[\033[01;34m\]\w\[\033[00m\]\$ /usr/bin/cmake --install /home/vagrant/turtlebot3_ws/build/turtlebot3_simulations
[24.595s] Level 1:colcon.colcon_core.environment:create_environment_scripts_only(turtlebot3_simulations)
[24.596s] Level 1:colcon.colcon_core.environment:checking '/home/vagrant/turtlebot3_ws/install/turtlebot3_simulations' for CMake module files
[24.596s] Level 1:colcon.colcon_core.environment:checking '/home/vagrant/turtlebot3_ws/install/turtlebot3_simulations' for CMake config files
[24.596s] Level 1:colcon.colcon_core.shell:create_environment_hook('turtlebot3_simulations', 'cmake_prefix_path')
[24.597s] INFO:colcon.colcon_core.shell:Creating environment hook '/home/vagrant/turtlebot3_ws/install/turtlebot3_simulations/share/turtlebot3_simulations/hook/cmake_prefix_path.ps1'
[24.597s] INFO:colcon.colcon_core.shell:Creating environment descriptor '/home/vagrant/turtlebot3_ws/install/turtlebot3_simulations/share/turtlebot3_simulations/hook/cmake_prefix_path.dsv'
[24.597s] INFO:colcon.colcon_core.shell:Creating environment hook '/home/vagrant/turtlebot3_ws/install/turtlebot3_simulations/share/turtlebot3_simulations/hook/cmake_prefix_path.sh'
[24.597s] Level 1:colcon.colcon_core.environment:checking '/home/vagrant/turtlebot3_ws/install/turtlebot3_simulations/bin'
[24.598s] Level 1:colcon.colcon_core.environment:checking '/home/vagrant/turtlebot3_ws/install/turtlebot3_simulations/lib/pkgconfig/turtlebot3_simulations.pc'
[24.598s] DEBUG:colcon.colcon_core.event_handler.log_command:Invoked command in '/home/vagrant/turtlebot3_ws/build/turtlebot3_simulations' returned '0': CMAKE_PREFIX_PATH=/home/vagrant/turtlebot3_ws/install/turtlebot3_gazebo:/home/vagrant/turtlebot3_ws/install/turtlebot3_fake_node:/home/vagrant/turtlebot3_ws/install/turtlebot3_simulations:/home/vagrant/turtlebot3_ws/install/package_name:/home/vagrant/turtlebot3_ws/install/my_first_subscriber:/home/vagrant/turtlebot3_ws/install/my_first_publisher:/opt/ros/foxy PS1=\[\e]0;\u@\h: \w\a\]${debian_chroot:+($debian_chroot)}\[\033[01;32m\]\u@\h\[\033[00m\]:\[\033[01;34m\]\w\[\033[00m\]\$ /usr/bin/cmake --install /home/vagrant/turtlebot3_ws/build/turtlebot3_simulations
[24.598s] Level 1:colcon.colcon_core.environment:checking '/home/vagrant/turtlebot3_ws/install/turtlebot3_simulations/lib/python3.8/site-packages'
[24.598s] INFO:colcon.colcon_core.shell:Creating package script '/home/vagrant/turtlebot3_ws/install/turtlebot3_simulations/share/turtlebot3_simulations/package.ps1'
[24.599s] INFO:colcon.colcon_core.shell:Creating package descriptor '/home/vagrant/turtlebot3_ws/install/turtlebot3_simulations/share/turtlebot3_simulations/package.dsv'
[24.599s] INFO:colcon.colcon_core.shell:Creating package script '/home/vagrant/turtlebot3_ws/install/turtlebot3_simulations/share/turtlebot3_simulations/package.sh'
[24.599s] INFO:colcon.colcon_core.shell:Creating package script '/home/vagrant/turtlebot3_ws/install/turtlebot3_simulations/share/turtlebot3_simulations/package.bash'
[24.600s] INFO:colcon.colcon_core.shell:Creating package script '/home/vagrant/turtlebot3_ws/install/turtlebot3_simulations/share/turtlebot3_simulations/package.zsh'
[24.601s] Level 1:colcon.colcon_core.environment:create_file_with_runtime_dependencies(/home/vagrant/turtlebot3_ws/install/turtlebot3_simulations/share/colcon-core/packages/turtlebot3_simulations)
[24.618s] Level 1:colcon.colcon_core.environment:create_environment_scripts_only(turtlebot3_simulations)
[24.619s] Level 1:colcon.colcon_core.environment:checking '/home/vagrant/turtlebot3_ws/install/turtlebot3_simulations' for CMake module files
[24.619s] Level 1:colcon.colcon_core.environment:checking '/home/vagrant/turtlebot3_ws/install/turtlebot3_simulations' for CMake config files
[24.619s] Level 1:colcon.colcon_core.shell:create_environment_hook('turtlebot3_simulations', 'cmake_prefix_path')
[24.619s] INFO:colcon.colcon_core.shell:Creating environment hook '/home/vagrant/turtlebot3_ws/install/turtlebot3_simulations/share/turtlebot3_simulations/hook/cmake_prefix_path.ps1'
[24.620s] INFO:colcon.colcon_core.shell:Creating environment descriptor '/home/vagrant/turtlebot3_ws/install/turtlebot3_simulations/share/turtlebot3_simulations/hook/cmake_prefix_path.dsv'
[24.620s] INFO:colcon.colcon_core.shell:Creating environment hook '/home/vagrant/turtlebot3_ws/install/turtlebot3_simulations/share/turtlebot3_simulations/hook/cmake_prefix_path.sh'
[24.621s] Level 1:colcon.colcon_core.environment:checking '/home/vagrant/turtlebot3_ws/install/turtlebot3_simulations/bin'
[24.621s] Level 1:colcon.colcon_core.environment:checking '/home/vagrant/turtlebot3_ws/install/turtlebot3_simulations/lib/pkgconfig/turtlebot3_simulations.pc'
[24.621s] Level 1:colcon.colcon_core.environment:checking '/home/vagrant/turtlebot3_ws/install/turtlebot3_simulations/lib/python3.8/site-packages'
[24.621s] INFO:colcon.colcon_core.shell:Creating package script '/home/vagrant/turtlebot3_ws/install/turtlebot3_simulations/share/turtlebot3_simulations/package.ps1'
[24.621s] INFO:colcon.colcon_core.shell:Creating package descriptor '/home/vagrant/turtlebot3_ws/install/turtlebot3_simulations/share/turtlebot3_simulations/package.dsv'
[24.622s] INFO:colcon.colcon_core.shell:Creating package script '/home/vagrant/turtlebot3_ws/install/turtlebot3_simulations/share/turtlebot3_simulations/package.sh'
[24.622s] INFO:colcon.colcon_core.shell:Creating package script '/home/vagrant/turtlebot3_ws/install/turtlebot3_simulations/share/turtlebot3_simulations/package.bash'
[24.622s] INFO:colcon.colcon_core.shell:Creating package script '/home/vagrant/turtlebot3_ws/install/turtlebot3_simulations/share/turtlebot3_simulations/package.zsh'
[24.622s] Level 1:colcon.colcon_core.environment:create_file_with_runtime_dependencies(/home/vagrant/turtlebot3_ws/install/turtlebot3_simulations/share/colcon-core/packages/turtlebot3_simulations)
[24.623s] DEBUG:colcon.colcon_parallel_executor.executor.parallel:closing loop
[24.623s] DEBUG:colcon.colcon_parallel_executor.executor.parallel:loop closed
[24.623s] DEBUG:colcon.colcon_parallel_executor.executor.parallel:run_until_complete finished with '0'
[24.623s] DEBUG:colcon.colcon_core.event_reactor:joining thread
[24.638s] INFO:colcon.colcon_core.plugin_system:Skipping extension 'colcon_notification.desktop_notification.terminal_notifier': Not used on non-Darwin systems
[24.638s] INFO:colcon.colcon_core.plugin_system:Skipping extension 'colcon_notification.desktop_notification.win32': Not used on non-Windows systems
[24.638s] INFO:colcon.colcon_notification.desktop_notification:Sending desktop notification using 'notify2'
[24.661s] DEBUG:colcon.colcon_core.event_reactor:joined thread
[24.662s] INFO:colcon.colcon_core.shell:Creating prefix script '/home/vagrant/turtlebot3_ws/install/local_setup.ps1'
[24.662s] INFO:colcon.colcon_core.shell:Creating prefix util module '/home/vagrant/turtlebot3_ws/install/_local_setup_util_ps1.py'
[24.663s] INFO:colcon.colcon_core.shell:Creating prefix chain script '/home/vagrant/turtlebot3_ws/install/setup.ps1'
[24.664s] INFO:colcon.colcon_core.shell:Creating prefix script '/home/vagrant/turtlebot3_ws/install/local_setup.sh'
[24.664s] INFO:colcon.colcon_core.shell:Creating prefix util module '/home/vagrant/turtlebot3_ws/install/_local_setup_util_sh.py'
[24.665s] INFO:colcon.colcon_core.shell:Creating prefix chain script '/home/vagrant/turtlebot3_ws/install/setup.sh'
[24.668s] INFO:colcon.colcon_core.shell:Creating prefix script '/home/vagrant/turtlebot3_ws/install/local_setup.bash'
[24.669s] INFO:colcon.colcon_core.shell:Creating prefix chain script '/home/vagrant/turtlebot3_ws/install/setup.bash'
[24.670s] INFO:colcon.colcon_core.shell:Creating prefix script '/home/vagrant/turtlebot3_ws/install/local_setup.zsh'
[24.670s] INFO:colcon.colcon_core.shell:Creating prefix chain script '/home/vagrant/turtlebot3_ws/install/setup.zsh'
