[0.043s] Invoking command in '/home/vagrant/turtlebot3_ws/build/custom_interface': CMAKE_PREFIX_PATH=${CMAKE_PREFIX_PATH}:/home/vagrant/turtlebot3_ws/install/my_first_subscriber:/home/vagrant/turtlebot3_ws/install/my_first_publisher:/opt/ros/foxy PS1=\[\e]0;\u@\h: \w\a\]${debian_chroot:+($debian_chroot)}\[\033[01;32m\]\u@\h\[\033[00m\]:\[\033[01;34m\]\w\[\033[00m\]\$ /usr/bin/cmake /home/vagrant/turtlebot3_ws/src/custom_interface -DCMAKE_INSTALL_PREFIX=/home/vagrant/turtlebot3_ws/install/custom_interface
[0.182s] -- The C compiler identification is GNU 9.3.0
[0.275s] -- The CXX compiler identification is GNU 9.3.0
[0.275s] -- Check for working C compiler: /usr/bin/cc
[0.490s] -- Check for working C compiler: /usr/bin/cc -- works
[0.494s] -- Detecting C compiler ABI info
[0.595s] -- Detecting C compiler ABI info - done
[0.602s] -- Detecting C compile features
[0.602s] -- Detecting C compile features - done
[0.604s] -- Check for working CXX compiler: /usr/bin/c++
[0.774s] -- Check for working CXX compiler: /usr/bin/c++ -- works
[0.774s] -- Detecting CXX compiler ABI info
[0.954s] -- Detecting CXX compiler ABI info - done
[0.959s] -- Detecting CXX compile features
[0.971s] -- Detecting CXX compile features - done
[0.973s] -- Found ament_cmake: 0.9.9 (/opt/ros/foxy/share/ament_cmake/cmake)
[0.996s] -- Found PythonInterp: /usr/bin/python3 (found suitable version "3.8.10", minimum required is "3") 
[0.996s] -- Using PYTHON_EXECUTABLE: /usr/bin/python3
[1.259s] -- Found rclcpp: 2.4.0 (/opt/ros/foxy/share/rclcpp/cmake)
[1.326s] -- Using all available rosidl_typesupport_c: rosidl_typesupport_fastrtps_c;rosidl_typesupport_introspection_c
[1.332s] -- Found rosidl_adapter: 1.2.1 (/opt/ros/foxy/share/rosidl_adapter/cmake)
[1.614s] -- Found OpenSSL: /usr/lib/x86_64-linux-gnu/libcrypto.so (found version "1.1.1f")  
[1.678s] -- Found FastRTPS: /opt/ros/foxy/include  
[1.816s] -- Using all available rosidl_typesupport_cpp: rosidl_typesupport_fastrtps_cpp;rosidl_typesupport_introspection_cpp
[1.905s] -- Found rmw_implementation_cmake: 1.0.3 (/opt/ros/foxy/share/rmw_implementation_cmake/cmake)
[1.906s] -- Using RMW implementation 'rmw_fastrtps_cpp' as default
[1.907s] -- Looking for pthread.h
[2.077s] -- Looking for pthread.h - found
[2.077s] -- Performing Test CMAKE_HAVE_LIBC_PTHREAD
[2.287s] -- Performing Test CMAKE_HAVE_LIBC_PTHREAD - Failed
[2.292s] -- Looking for pthread_create in pthreads
[2.400s] -- Looking for pthread_create in pthreads - not found
[2.405s] -- Looking for pthread_create in pthread
[2.588s] -- Looking for pthread_create in pthread - found
[2.589s] -- Found Threads: TRUE  
[2.828s] -- Found rosidl_default_generators: 1.0.1 (/opt/ros/foxy/share/rosidl_default_generators/cmake)
[2.840s] -- Found ament_lint_auto: 0.9.6 (/opt/ros/foxy/share/ament_lint_auto/cmake)
[2.925s] -- Found PythonInterp: /usr/bin/python3 (found version "3.8.10") 
[2.978s] -- Found ament_cmake_ros: 0.9.2 (/opt/ros/foxy/share/ament_cmake_ros/cmake)
[3.152s] -- Using all available rosidl_typesupport_c: rosidl_typesupport_fastrtps_c;rosidl_typesupport_introspection_c
[3.157s] -- Using all available rosidl_typesupport_cpp: rosidl_typesupport_fastrtps_cpp;rosidl_typesupport_introspection_cpp
[3.204s] -- Found PythonInterp: /usr/bin/python3 (found suitable version "3.8.10", minimum required is "3.5") 
[3.204s] -- Found python_cmake_module: 0.8.1 (/opt/ros/foxy/share/python_cmake_module/cmake)
[3.244s] -- Found PythonLibs: /usr/lib/x86_64-linux-gnu/libpython3.8.so (found suitable version "3.8.10", minimum required is "3.5") 
[3.244s] -- Using PYTHON_EXECUTABLE: /usr/bin/python3
[3.244s] -- Using PYTHON_INCLUDE_DIRS: /usr/include/python3.8
[3.244s] -- Using PYTHON_LIBRARIES: /usr/lib/x86_64-linux-gnu/libpython3.8.so
[3.282s] -- Found PythonExtra: .so  
[3.348s] -- Added test 'copyright' to check source files copyright and LICENSE
[3.360s] -- Added test 'lint_cmake' to check CMake code style
[3.362s] -- Added test 'xmllint' to check XML markup files
[3.369s] -- Configuring done
[3.427s] -- Generating done
[3.429s] -- Build files have been written to: /home/vagrant/turtlebot3_ws/build/custom_interface
[3.439s] Invoked command in '/home/vagrant/turtlebot3_ws/build/custom_interface' returned '0': CMAKE_PREFIX_PATH=${CMAKE_PREFIX_PATH}:/home/vagrant/turtlebot3_ws/install/my_first_subscriber:/home/vagrant/turtlebot3_ws/install/my_first_publisher:/opt/ros/foxy PS1=\[\e]0;\u@\h: \w\a\]${debian_chroot:+($debian_chroot)}\[\033[01;32m\]\u@\h\[\033[00m\]:\[\033[01;34m\]\w\[\033[00m\]\$ /usr/bin/cmake /home/vagrant/turtlebot3_ws/src/custom_interface -DCMAKE_INSTALL_PREFIX=/home/vagrant/turtlebot3_ws/install/custom_interface
[3.440s] Invoking command in '/home/vagrant/turtlebot3_ws/build/custom_interface': CMAKE_PREFIX_PATH=${CMAKE_PREFIX_PATH}:/home/vagrant/turtlebot3_ws/install/my_first_subscriber:/home/vagrant/turtlebot3_ws/install/my_first_publisher:/opt/ros/foxy PS1=\[\e]0;\u@\h: \w\a\]${debian_chroot:+($debian_chroot)}\[\033[01;32m\]\u@\h\[\033[00m\]:\[\033[01;34m\]\w\[\033[00m\]\$ /usr/bin/cmake --build /home/vagrant/turtlebot3_ws/build/custom_interface -- -j2 -l2
[3.486s] [35m[1mScanning dependencies of target custom_interface__cpp[0m
[3.502s] [  3%] [34m[1mGenerating C code for ROS interfaces[0m
[3.518s] [  6%] [34m[1mGenerating C++ code for ROS interfaces[0m
[3.904s] [35m[1mScanning dependencies of target custom_interface__rosidl_generator_c[0m
[3.930s] [  6%] Built target custom_interface__cpp
[3.943s] [  9%] [32mBuilding C object CMakeFiles/custom_interface__rosidl_generator_c.dir/rosidl_generator_c/custom_interface/msg/detail/distvel__functions.c.o[0m
[3.969s] [ 12%] [34m[1mGenerating C++ introspection for ROS interfaces[0m
[4.063s] [ 16%] [32m[1mLinking C shared library libcustom_interface__rosidl_generator_c.so[0m
[4.169s] [ 16%] Built target custom_interface__rosidl_generator_c
[4.215s] [ 19%] [34m[1mGenerating C++ type support dispatch for ROS interfaces[0m
[4.411s] [35m[1mScanning dependencies of target custom_interface__rosidl_typesupport_introspection_cpp[0m
[4.459s] [ 22%] [32mBuilding CXX object CMakeFiles/custom_interface__rosidl_typesupport_introspection_cpp.dir/rosidl_typesupport_introspection_cpp/custom_interface/msg/detail/distvel__type_support.cpp.o[0m
[4.530s] [35m[1mScanning dependencies of target custom_interface__rosidl_typesupport_cpp[0m
[4.587s] [ 25%] [32mBuilding CXX object CMakeFiles/custom_interface__rosidl_typesupport_cpp.dir/rosidl_typesupport_cpp/custom_interface/msg/distvel__type_support.cpp.o[0m
[4.909s] [ 29%] [32m[1mLinking CXX shared library libcustom_interface__rosidl_typesupport_introspection_cpp.so[0m
[5.015s] [ 29%] Built target custom_interface__rosidl_typesupport_introspection_cpp
[5.037s] [ 32%] [32m[1mLinking CXX shared library libcustom_interface__rosidl_typesupport_cpp.so[0m
[5.049s] [ 35%] [34m[1mGenerating C++ type support for eProsima Fast-RTPS[0m
[5.167s] [ 35%] Built target custom_interface__rosidl_typesupport_cpp
[5.215s] [ 38%] [34m[1mGenerating C introspection for ROS interfaces[0m
[5.376s] [35m[1mScanning dependencies of target custom_interface__rosidl_typesupport_fastrtps_cpp[0m
[5.425s] [ 41%] [32mBuilding CXX object CMakeFiles/custom_interface__rosidl_typesupport_fastrtps_cpp.dir/rosidl_typesupport_fastrtps_cpp/custom_interface/msg/detail/dds_fastrtps/distvel__type_support.cpp.o[0m
[5.555s] [35m[1mScanning dependencies of target custom_interface__rosidl_typesupport_introspection_c[0m
[5.600s] [ 45%] [32mBuilding C object CMakeFiles/custom_interface__rosidl_typesupport_introspection_c.dir/rosidl_typesupport_introspection_c/custom_interface/msg/detail/distvel__type_support.c.o[0m
[5.693s] [ 48%] [32m[1mLinking C shared library libcustom_interface__rosidl_typesupport_introspection_c.so[0m
[5.798s] [ 48%] Built target custom_interface__rosidl_typesupport_introspection_c
[5.847s] [ 51%] [34m[1mGenerating C type support dispatch for ROS interfaces[0m
[5.897s] [ 54%] [32m[1mLinking CXX shared library libcustom_interface__rosidl_typesupport_fastrtps_cpp.so[0m
[6.065s] [ 54%] Built target custom_interface__rosidl_typesupport_fastrtps_cpp
[6.097s] [ 58%] [34m[1mGenerating C type support for eProsima Fast-RTPS[0m
[6.125s] [35m[1mScanning dependencies of target custom_interface__rosidl_typesupport_c[0m
[6.163s] [ 61%] [32mBuilding CXX object CMakeFiles/custom_interface__rosidl_typesupport_c.dir/rosidl_typesupport_c/custom_interface/msg/distvel__type_support.cpp.o[0m
[6.245s] [ 64%] [32m[1mLinking CXX shared library libcustom_interface__rosidl_typesupport_c.so[0m
[6.354s] [ 64%] Built target custom_interface__rosidl_typesupport_c
[6.417s] [35m[1mScanning dependencies of target custom_interface__rosidl_typesupport_fastrtps_c[0m
[6.465s] [ 67%] [32mBuilding CXX object CMakeFiles/custom_interface__rosidl_typesupport_fastrtps_c.dir/rosidl_typesupport_fastrtps_c/custom_interface/msg/detail/distvel__type_support_c.cpp.o[0m
[6.915s] [ 70%] [32m[1mLinking CXX shared library libcustom_interface__rosidl_typesupport_fastrtps_c.so[0m
[7.088s] [ 70%] Built target custom_interface__rosidl_typesupport_fastrtps_c
[7.125s] [35m[1mScanning dependencies of target custom_interface[0m
[7.172s] [ 70%] Built target custom_interface
[7.213s] [35m[1mScanning dependencies of target custom_interface__py[0m
[7.221s] [ 74%] [34m[1mGenerating Python code for ROS interfaces[0m
[7.669s] [ 74%] Built target custom_interface__py
[7.677s] [35m[1mScanning dependencies of target custom_interface__python[0m
[7.723s] [ 77%] [32mBuilding C object CMakeFiles/custom_interface__python.dir/rosidl_generator_py/custom_interface/msg/_distvel_s.c.o[0m
[7.905s] [ 80%] [32m[1mLinking C shared library rosidl_generator_py/custom_interface/libcustom_interface__python.so[0m
[7.967s] [ 80%] Built target custom_interface__python
[8.003s] [35m[1mScanning dependencies of target custom_interface__rosidl_typesupport_c__pyext[0m
[8.019s] [35m[1mScanning dependencies of target custom_interface__rosidl_typesupport_introspection_c__pyext[0m
[8.079s] [ 83%] [32mBuilding C object CMakeFiles/custom_interface__rosidl_typesupport_introspection_c__pyext.dir/rosidl_generator_py/custom_interface/_custom_interface_s.ep.rosidl_typesupport_introspection_c.c.o[0m
[8.080s] [ 87%] [32mBuilding C object CMakeFiles/custom_interface__rosidl_typesupport_c__pyext.dir/rosidl_generator_py/custom_interface/_custom_interface_s.ep.rosidl_typesupport_c.c.o[0m
[8.206s] [ 90%] [32m[1mLinking C shared library rosidl_generator_py/custom_interface/custom_interface_s__rosidl_typesupport_introspection_c.cpython-38-x86_64-linux-gnu.so[0m
[8.237s] [ 93%] [32m[1mLinking C shared library rosidl_generator_py/custom_interface/custom_interface_s__rosidl_typesupport_c.cpython-38-x86_64-linux-gnu.so[0m
[8.290s] [ 93%] Built target custom_interface__rosidl_typesupport_introspection_c__pyext
[8.331s] [35m[1mScanning dependencies of target custom_interface__rosidl_typesupport_fastrtps_c__pyext[0m
[8.352s] [ 93%] Built target custom_interface__rosidl_typesupport_c__pyext
[8.399s] [ 96%] [32mBuilding C object CMakeFiles/custom_interface__rosidl_typesupport_fastrtps_c__pyext.dir/rosidl_generator_py/custom_interface/_custom_interface_s.ep.rosidl_typesupport_fastrtps_c.c.o[0m
[8.579s] [100%] [32m[1mLinking CXX shared library rosidl_generator_py/custom_interface/custom_interface_s__rosidl_typesupport_fastrtps_c.cpython-38-x86_64-linux-gnu.so[0m
[8.660s] [100%] Built target custom_interface__rosidl_typesupport_fastrtps_c__pyext
[8.677s] Invoked command in '/home/vagrant/turtlebot3_ws/build/custom_interface' returned '0': CMAKE_PREFIX_PATH=${CMAKE_PREFIX_PATH}:/home/vagrant/turtlebot3_ws/install/my_first_subscriber:/home/vagrant/turtlebot3_ws/install/my_first_publisher:/opt/ros/foxy PS1=\[\e]0;\u@\h: \w\a\]${debian_chroot:+($debian_chroot)}\[\033[01;32m\]\u@\h\[\033[00m\]:\[\033[01;34m\]\w\[\033[00m\]\$ /usr/bin/cmake --build /home/vagrant/turtlebot3_ws/build/custom_interface -- -j2 -l2
[9.325s] Invoking command in '/home/vagrant/turtlebot3_ws/build/custom_interface': CMAKE_PREFIX_PATH=${CMAKE_PREFIX_PATH}:/home/vagrant/turtlebot3_ws/install/my_first_subscriber:/home/vagrant/turtlebot3_ws/install/my_first_publisher:/opt/ros/foxy PS1=\[\e]0;\u@\h: \w\a\]${debian_chroot:+($debian_chroot)}\[\033[01;32m\]\u@\h\[\033[00m\]:\[\033[01;34m\]\w\[\033[00m\]\$ /usr/bin/cmake --install /home/vagrant/turtlebot3_ws/build/custom_interface
[9.355s] -- Install configuration: ""
[9.355s] -- Installing: /home/vagrant/turtlebot3_ws/install/custom_interface/share/ament_index/resource_index/rosidl_interfaces/custom_interface
[9.356s] -- Installing: /home/vagrant/turtlebot3_ws/install/custom_interface/include/custom_interface
[9.356s] -- Installing: /home/vagrant/turtlebot3_ws/install/custom_interface/include/custom_interface/msg
[9.356s] -- Installing: /home/vagrant/turtlebot3_ws/install/custom_interface/include/custom_interface/msg/distvel.h
[9.356s] -- Installing: /home/vagrant/turtlebot3_ws/install/custom_interface/include/custom_interface/msg/rosidl_generator_c__visibility_control.h
[9.356s] -- Installing: /home/vagrant/turtlebot3_ws/install/custom_interface/include/custom_interface/msg/detail
[9.357s] -- Installing: /home/vagrant/turtlebot3_ws/install/custom_interface/include/custom_interface/msg/detail/distvel__functions.h
[9.357s] -- Installing: /home/vagrant/turtlebot3_ws/install/custom_interface/include/custom_interface/msg/detail/distvel__functions.c
[9.357s] -- Installing: /home/vagrant/turtlebot3_ws/install/custom_interface/include/custom_interface/msg/detail/distvel__type_support.h
[9.357s] -- Installing: /home/vagrant/turtlebot3_ws/install/custom_interface/include/custom_interface/msg/detail/distvel__struct.h
[9.357s] -- Installing: /home/vagrant/turtlebot3_ws/install/custom_interface/share/custom_interface/environment/library_path.sh
[9.358s] -- Installing: /home/vagrant/turtlebot3_ws/install/custom_interface/share/custom_interface/environment/library_path.dsv
[9.358s] -- Installing: /home/vagrant/turtlebot3_ws/install/custom_interface/lib/libcustom_interface__rosidl_generator_c.so
[9.358s] -- Set runtime path of "/home/vagrant/turtlebot3_ws/install/custom_interface/lib/libcustom_interface__rosidl_generator_c.so" to ""
[9.358s] -- Up-to-date: /home/vagrant/turtlebot3_ws/install/custom_interface/include/custom_interface
[9.359s] -- Up-to-date: /home/vagrant/turtlebot3_ws/install/custom_interface/include/custom_interface/msg
[9.359s] -- Installing: /home/vagrant/turtlebot3_ws/install/custom_interface/include/custom_interface/msg/rosidl_typesupport_fastrtps_c__visibility_control.h
[9.359s] -- Up-to-date: /home/vagrant/turtlebot3_ws/install/custom_interface/include/custom_interface/msg/detail
[9.359s] -- Installing: /home/vagrant/turtlebot3_ws/install/custom_interface/include/custom_interface/msg/detail/distvel__rosidl_typesupport_fastrtps_c.h
[9.360s] -- Installing: /home/vagrant/turtlebot3_ws/install/custom_interface/lib/libcustom_interface__rosidl_typesupport_fastrtps_c.so
[9.360s] -- Set runtime path of "/home/vagrant/turtlebot3_ws/install/custom_interface/lib/libcustom_interface__rosidl_typesupport_fastrtps_c.so" to ""
[9.360s] -- Up-to-date: /home/vagrant/turtlebot3_ws/install/custom_interface/include/custom_interface
[9.360s] -- Up-to-date: /home/vagrant/turtlebot3_ws/install/custom_interface/include/custom_interface/msg
[9.360s] -- Installing: /home/vagrant/turtlebot3_ws/install/custom_interface/include/custom_interface/msg/rosidl_typesupport_fastrtps_cpp__visibility_control.h
[9.361s] -- Up-to-date: /home/vagrant/turtlebot3_ws/install/custom_interface/include/custom_interface/msg/detail
[9.361s] -- Installing: /home/vagrant/turtlebot3_ws/install/custom_interface/include/custom_interface/msg/detail/dds_fastrtps
[9.361s] -- Installing: /home/vagrant/turtlebot3_ws/install/custom_interface/include/custom_interface/msg/detail/distvel__rosidl_typesupport_fastrtps_cpp.hpp
[9.361s] -- Installing: /home/vagrant/turtlebot3_ws/install/custom_interface/lib/libcustom_interface__rosidl_typesupport_fastrtps_cpp.so
[9.362s] -- Set runtime path of "/home/vagrant/turtlebot3_ws/install/custom_interface/lib/libcustom_interface__rosidl_typesupport_fastrtps_cpp.so" to ""
[9.362s] -- Up-to-date: /home/vagrant/turtlebot3_ws/install/custom_interface/include/custom_interface
[9.362s] -- Up-to-date: /home/vagrant/turtlebot3_ws/install/custom_interface/include/custom_interface/msg
[9.362s] -- Installing: /home/vagrant/turtlebot3_ws/install/custom_interface/include/custom_interface/msg/rosidl_typesupport_introspection_c__visibility_control.h
[9.363s] -- Up-to-date: /home/vagrant/turtlebot3_ws/install/custom_interface/include/custom_interface/msg/detail
[9.363s] -- Installing: /home/vagrant/turtlebot3_ws/install/custom_interface/include/custom_interface/msg/detail/distvel__type_support.c
[9.363s] -- Installing: /home/vagrant/turtlebot3_ws/install/custom_interface/include/custom_interface/msg/detail/distvel__rosidl_typesupport_introspection_c.h
[9.363s] -- Installing: /home/vagrant/turtlebot3_ws/install/custom_interface/lib/libcustom_interface__rosidl_typesupport_introspection_c.so
[9.370s] -- Set runtime path of "/home/vagrant/turtlebot3_ws/install/custom_interface/lib/libcustom_interface__rosidl_typesupport_introspection_c.so" to ""
[9.370s] -- Installing: /home/vagrant/turtlebot3_ws/install/custom_interface/lib/libcustom_interface__rosidl_typesupport_c.so
[9.370s] -- Set runtime path of "/home/vagrant/turtlebot3_ws/install/custom_interface/lib/libcustom_interface__rosidl_typesupport_c.so" to ""
[9.370s] -- Up-to-date: /home/vagrant/turtlebot3_ws/install/custom_interface/include/custom_interface
[9.370s] -- Up-to-date: /home/vagrant/turtlebot3_ws/install/custom_interface/include/custom_interface/msg
[9.370s] -- Installing: /home/vagrant/turtlebot3_ws/install/custom_interface/include/custom_interface/msg/distvel.hpp
[9.371s] -- Up-to-date: /home/vagrant/turtlebot3_ws/install/custom_interface/include/custom_interface/msg/detail
[9.371s] -- Installing: /home/vagrant/turtlebot3_ws/install/custom_interface/include/custom_interface/msg/detail/distvel__struct.hpp
[9.371s] -- Installing: /home/vagrant/turtlebot3_ws/install/custom_interface/include/custom_interface/msg/detail/distvel__traits.hpp
[9.371s] -- Installing: /home/vagrant/turtlebot3_ws/install/custom_interface/include/custom_interface/msg/detail/distvel__builder.hpp
[9.371s] -- Up-to-date: /home/vagrant/turtlebot3_ws/install/custom_interface/include/custom_interface
[9.371s] -- Up-to-date: /home/vagrant/turtlebot3_ws/install/custom_interface/include/custom_interface/msg
[9.371s] -- Up-to-date: /home/vagrant/turtlebot3_ws/install/custom_interface/include/custom_interface/msg/detail
[9.371s] -- Installing: /home/vagrant/turtlebot3_ws/install/custom_interface/include/custom_interface/msg/detail/distvel__rosidl_typesupport_introspection_cpp.hpp
[9.371s] -- Installing: /home/vagrant/turtlebot3_ws/install/custom_interface/include/custom_interface/msg/detail/distvel__type_support.cpp
[9.371s] -- Installing: /home/vagrant/turtlebot3_ws/install/custom_interface/lib/libcustom_interface__rosidl_typesupport_introspection_cpp.so
[9.371s] -- Set runtime path of "/home/vagrant/turtlebot3_ws/install/custom_interface/lib/libcustom_interface__rosidl_typesupport_introspection_cpp.so" to ""
[9.371s] -- Installing: /home/vagrant/turtlebot3_ws/install/custom_interface/lib/libcustom_interface__rosidl_typesupport_cpp.so
[9.371s] -- Set runtime path of "/home/vagrant/turtlebot3_ws/install/custom_interface/lib/libcustom_interface__rosidl_typesupport_cpp.so" to ""
[9.371s] -- Installing: /home/vagrant/turtlebot3_ws/install/custom_interface/share/custom_interface/environment/pythonpath.sh
[9.372s] -- Installing: /home/vagrant/turtlebot3_ws/install/custom_interface/share/custom_interface/environment/pythonpath.dsv
[9.372s] -- Installing: /home/vagrant/turtlebot3_ws/install/custom_interface/lib/python3.8/site-packages/custom_interface/__init__.py
[9.427s] Compiling '/home/vagrant/turtlebot3_ws/install/custom_interface/lib/python3.8/site-packages/custom_interface/__init__.py'...
[9.431s] -- Installing: /home/vagrant/turtlebot3_ws/install/custom_interface/lib/python3.8/site-packages/custom_interface/msg
[9.431s] -- Installing: /home/vagrant/turtlebot3_ws/install/custom_interface/lib/python3.8/site-packages/custom_interface/msg/_distvel.py
[9.431s] -- Installing: /home/vagrant/turtlebot3_ws/install/custom_interface/lib/python3.8/site-packages/custom_interface/msg/_distvel_s.c
[9.431s] -- Installing: /home/vagrant/turtlebot3_ws/install/custom_interface/lib/python3.8/site-packages/custom_interface/msg/__init__.py
[9.431s] -- Installing: /home/vagrant/turtlebot3_ws/install/custom_interface/lib/python3.8/site-packages/custom_interface/custom_interface_s__rosidl_typesupport_fastrtps_c.cpython-38-x86_64-linux-gnu.so
[9.431s] -- Set runtime path of "/home/vagrant/turtlebot3_ws/install/custom_interface/lib/python3.8/site-packages/custom_interface/custom_interface_s__rosidl_typesupport_fastrtps_c.cpython-38-x86_64-linux-gnu.so" to ""
[9.432s] -- Installing: /home/vagrant/turtlebot3_ws/install/custom_interface/lib/python3.8/site-packages/custom_interface/custom_interface_s__rosidl_typesupport_introspection_c.cpython-38-x86_64-linux-gnu.so
[9.432s] -- Set runtime path of "/home/vagrant/turtlebot3_ws/install/custom_interface/lib/python3.8/site-packages/custom_interface/custom_interface_s__rosidl_typesupport_introspection_c.cpython-38-x86_64-linux-gnu.so" to ""
[9.432s] -- Installing: /home/vagrant/turtlebot3_ws/install/custom_interface/lib/python3.8/site-packages/custom_interface/custom_interface_s__rosidl_typesupport_c.cpython-38-x86_64-linux-gnu.so
[9.433s] -- Set runtime path of "/home/vagrant/turtlebot3_ws/install/custom_interface/lib/python3.8/site-packages/custom_interface/custom_interface_s__rosidl_typesupport_c.cpython-38-x86_64-linux-gnu.so" to ""
[9.433s] -- Installing: /home/vagrant/turtlebot3_ws/install/custom_interface/lib/libcustom_interface__python.so
[9.433s] -- Set runtime path of "/home/vagrant/turtlebot3_ws/install/custom_interface/lib/libcustom_interface__python.so" to ""
[9.433s] -- Installing: /home/vagrant/turtlebot3_ws/install/custom_interface/share/custom_interface/msg/Distvel.idl
[9.433s] -- Installing: /home/vagrant/turtlebot3_ws/install/custom_interface/share/custom_interface/msg/Distvel.msg
[9.433s] -- Installing: /home/vagrant/turtlebot3_ws/install/custom_interface/share/ament_index/resource_index/package_run_dependencies/custom_interface
[9.433s] -- Installing: /home/vagrant/turtlebot3_ws/install/custom_interface/share/ament_index/resource_index/parent_prefix_path/custom_interface
[9.433s] -- Installing: /home/vagrant/turtlebot3_ws/install/custom_interface/share/custom_interface/environment/ament_prefix_path.sh
[9.433s] -- Installing: /home/vagrant/turtlebot3_ws/install/custom_interface/share/custom_interface/environment/ament_prefix_path.dsv
[9.434s] -- Installing: /home/vagrant/turtlebot3_ws/install/custom_interface/share/custom_interface/environment/path.sh
[9.434s] -- Installing: /home/vagrant/turtlebot3_ws/install/custom_interface/share/custom_interface/environment/path.dsv
[9.434s] -- Installing: /home/vagrant/turtlebot3_ws/install/custom_interface/share/custom_interface/local_setup.bash
[9.434s] -- Installing: /home/vagrant/turtlebot3_ws/install/custom_interface/share/custom_interface/local_setup.sh
[9.434s] -- Installing: /home/vagrant/turtlebot3_ws/install/custom_interface/share/custom_interface/local_setup.zsh
[9.434s] -- Installing: /home/vagrant/turtlebot3_ws/install/custom_interface/share/custom_interface/local_setup.dsv
[9.434s] -- Installing: /home/vagrant/turtlebot3_ws/install/custom_interface/share/custom_interface/package.dsv
[9.434s] -- Installing: /home/vagrant/turtlebot3_ws/install/custom_interface/share/ament_index/resource_index/packages/custom_interface
[9.434s] -- Installing: /home/vagrant/turtlebot3_ws/install/custom_interface/share/custom_interface/cmake/custom_interface__rosidl_generator_cExport.cmake
[9.435s] -- Installing: /home/vagrant/turtlebot3_ws/install/custom_interface/share/custom_interface/cmake/custom_interface__rosidl_generator_cExport-noconfig.cmake
[9.435s] -- Installing: /home/vagrant/turtlebot3_ws/install/custom_interface/share/custom_interface/cmake/custom_interface__rosidl_typesupport_introspection_cExport.cmake
[9.435s] -- Installing: /home/vagrant/turtlebot3_ws/install/custom_interface/share/custom_interface/cmake/custom_interface__rosidl_typesupport_introspection_cExport-noconfig.cmake
[9.435s] -- Installing: /home/vagrant/turtlebot3_ws/install/custom_interface/share/custom_interface/cmake/custom_interface__rosidl_typesupport_cExport.cmake
[9.435s] -- Installing: /home/vagrant/turtlebot3_ws/install/custom_interface/share/custom_interface/cmake/custom_interface__rosidl_typesupport_cExport-noconfig.cmake
[9.435s] -- Installing: /home/vagrant/turtlebot3_ws/install/custom_interface/share/custom_interface/cmake/custom_interface__rosidl_generator_cppExport.cmake
[9.435s] -- Installing: /home/vagrant/turtlebot3_ws/install/custom_interface/share/custom_interface/cmake/custom_interface__rosidl_typesupport_introspection_cppExport.cmake
[9.435s] -- Installing: /home/vagrant/turtlebot3_ws/install/custom_interface/share/custom_interface/cmake/custom_interface__rosidl_typesupport_introspection_cppExport-noconfig.cmake
[9.435s] -- Installing: /home/vagrant/turtlebot3_ws/install/custom_interface/share/custom_interface/cmake/custom_interface__rosidl_typesupport_cppExport.cmake
[9.436s] -- Installing: /home/vagrant/turtlebot3_ws/install/custom_interface/share/custom_interface/cmake/custom_interface__rosidl_typesupport_cppExport-noconfig.cmake
[9.436s] -- Installing: /home/vagrant/turtlebot3_ws/install/custom_interface/share/custom_interface/cmake/rosidl_cmake-extras.cmake
[9.436s] -- Installing: /home/vagrant/turtlebot3_ws/install/custom_interface/share/custom_interface/cmake/ament_cmake_export_dependencies-extras.cmake
[9.436s] -- Installing: /home/vagrant/turtlebot3_ws/install/custom_interface/share/custom_interface/cmake/ament_cmake_export_libraries-extras.cmake
[9.436s] -- Installing: /home/vagrant/turtlebot3_ws/install/custom_interface/share/custom_interface/cmake/ament_cmake_export_targets-extras.cmake
[9.436s] -- Installing: /home/vagrant/turtlebot3_ws/install/custom_interface/share/custom_interface/cmake/ament_cmake_export_include_directories-extras.cmake
[9.436s] -- Installing: /home/vagrant/turtlebot3_ws/install/custom_interface/share/custom_interface/cmake/rosidl_cmake_export_typesupport_libraries-extras.cmake
[9.436s] -- Installing: /home/vagrant/turtlebot3_ws/install/custom_interface/share/custom_interface/cmake/rosidl_cmake_export_typesupport_targets-extras.cmake
[9.436s] -- Installing: /home/vagrant/turtlebot3_ws/install/custom_interface/share/custom_interface/cmake/custom_interfaceConfig.cmake
[9.436s] -- Installing: /home/vagrant/turtlebot3_ws/install/custom_interface/share/custom_interface/cmake/custom_interfaceConfig-version.cmake
[9.436s] -- Installing: /home/vagrant/turtlebot3_ws/install/custom_interface/share/custom_interface/package.xml
[9.451s] Invoked command in '/home/vagrant/turtlebot3_ws/build/custom_interface' returned '0': CMAKE_PREFIX_PATH=${CMAKE_PREFIX_PATH}:/home/vagrant/turtlebot3_ws/install/my_first_subscriber:/home/vagrant/turtlebot3_ws/install/my_first_publisher:/opt/ros/foxy PS1=\[\e]0;\u@\h: \w\a\]${debian_chroot:+($debian_chroot)}\[\033[01;32m\]\u@\h\[\033[00m\]:\[\033[01;34m\]\w\[\033[00m\]\$ /usr/bin/cmake --install /home/vagrant/turtlebot3_ws/build/custom_interface
