[0.464s] Invoking command in '/home/vagrant/turtlebot3_ws/src/show_msg': PS1=\[\e]0;\u@\h: \w\a\]${debian_chroot:+($debian_chroot)}\[\033[01;32m\]\u@\h\[\033[00m\]:\[\033[01;34m\]\w\[\033[00m\]\$ PYTHONPATH=/home/vagrant/turtlebot3_ws/install/show_msg/lib/python3.8/site-packages:${PYTHONPATH} /usr/bin/python3 setup.py egg_info --egg-base ../../build/show_msg build --build-base /home/vagrant/turtlebot3_ws/build/show_msg/build install --prefix /home/vagrant/turtlebot3_ws/install/show_msg --record /home/vagrant/turtlebot3_ws/build/show_msg/install.log --single-version-externally-managed
[0.625s] running egg_info
[0.625s] creating ../../build/show_msg/show_msg.egg-info
[0.625s] writing ../../build/show_msg/show_msg.egg-info/PKG-INFO
[0.626s] writing dependency_links to ../../build/show_msg/show_msg.egg-info/dependency_links.txt
[0.626s] writing entry points to ../../build/show_msg/show_msg.egg-info/entry_points.txt
[0.626s] writing requirements to ../../build/show_msg/show_msg.egg-info/requires.txt
[0.626s] writing top-level names to ../../build/show_msg/show_msg.egg-info/top_level.txt
[0.627s] writing manifest file '../../build/show_msg/show_msg.egg-info/SOURCES.txt'
[0.651s] reading manifest file '../../build/show_msg/show_msg.egg-info/SOURCES.txt'
[0.652s] writing manifest file '../../build/show_msg/show_msg.egg-info/SOURCES.txt'
[0.652s] running build
[0.652s] running build_py
[0.652s] creating /home/vagrant/turtlebot3_ws/build/show_msg/build
[0.652s] creating /home/vagrant/turtlebot3_ws/build/show_msg/build/lib
[0.652s] creating /home/vagrant/turtlebot3_ws/build/show_msg/build/lib/show_msg
[0.652s] copying show_msg/show_msg.py -> /home/vagrant/turtlebot3_ws/build/show_msg/build/lib/show_msg
[0.652s] copying show_msg/__init__.py -> /home/vagrant/turtlebot3_ws/build/show_msg/build/lib/show_msg
[0.652s] running install
[0.653s] running install_lib
[0.653s] creating /home/vagrant/turtlebot3_ws/install/show_msg/lib/python3.8/site-packages/show_msg
[0.653s] copying /home/vagrant/turtlebot3_ws/build/show_msg/build/lib/show_msg/show_msg.py -> /home/vagrant/turtlebot3_ws/install/show_msg/lib/python3.8/site-packages/show_msg
[0.653s] copying /home/vagrant/turtlebot3_ws/build/show_msg/build/lib/show_msg/__init__.py -> /home/vagrant/turtlebot3_ws/install/show_msg/lib/python3.8/site-packages/show_msg
[0.654s] byte-compiling /home/vagrant/turtlebot3_ws/install/show_msg/lib/python3.8/site-packages/show_msg/show_msg.py to show_msg.cpython-38.pyc
[0.654s] Sorry: TabError: inconsistent use of tabs and spaces in indentation (show_msg.py, line 14)
[0.655s] byte-compiling /home/vagrant/turtlebot3_ws/install/show_msg/lib/python3.8/site-packages/show_msg/__init__.py to __init__.cpython-38.pyc
[0.655s] running install_data
[0.655s] creating /home/vagrant/turtlebot3_ws/install/show_msg/share/ament_index
[0.655s] creating /home/vagrant/turtlebot3_ws/install/show_msg/share/ament_index/resource_index
[0.655s] creating /home/vagrant/turtlebot3_ws/install/show_msg/share/ament_index/resource_index/packages
[0.655s] copying resource/show_msg -> /home/vagrant/turtlebot3_ws/install/show_msg/share/ament_index/resource_index/packages
[0.655s] copying package.xml -> /home/vagrant/turtlebot3_ws/install/show_msg/share/show_msg
[0.655s] running install_egg_info
[0.656s] Copying ../../build/show_msg/show_msg.egg-info to /home/vagrant/turtlebot3_ws/install/show_msg/lib/python3.8/site-packages/show_msg-0.0.0-py3.8.egg-info
[0.657s] running install_scripts
[0.669s] Installing show_msg script to /home/vagrant/turtlebot3_ws/install/show_msg/lib/show_msg
[0.669s] writing list of installed files to '/home/vagrant/turtlebot3_ws/build/show_msg/install.log'
[0.683s] Invoked command in '/home/vagrant/turtlebot3_ws/src/show_msg' returned '0': PS1=\[\e]0;\u@\h: \w\a\]${debian_chroot:+($debian_chroot)}\[\033[01;32m\]\u@\h\[\033[00m\]:\[\033[01;34m\]\w\[\033[00m\]\$ PYTHONPATH=/home/vagrant/turtlebot3_ws/install/show_msg/lib/python3.8/site-packages:${PYTHONPATH} /usr/bin/python3 setup.py egg_info --egg-base ../../build/show_msg build --build-base /home/vagrant/turtlebot3_ws/build/show_msg/build install --prefix /home/vagrant/turtlebot3_ws/install/show_msg --record /home/vagrant/turtlebot3_ws/build/show_msg/install.log --single-version-externally-managed
