[0.930s] Invoking command in '/home/vagrant/turtlebot3_ws/src/my_first_publisher': PS1=\[\e]0;\u@\h: \w\a\]${debian_chroot:+($debian_chroot)}\[\033[01;32m\]\u@\h\[\033[00m\]:\[\033[01;34m\]\w\[\033[00m\]\$ PYTHONPATH=/home/vagrant/turtlebot3_ws/install/my_first_publisher/lib/python3.8/site-packages:${PYTHONPATH} /usr/bin/python3 setup.py egg_info --egg-base ../../build/my_first_publisher build --build-base /home/vagrant/turtlebot3_ws/build/my_first_publisher/build install --prefix /home/vagrant/turtlebot3_ws/install/my_first_publisher --record /home/vagrant/turtlebot3_ws/build/my_first_publisher/install.log --single-version-externally-managed
[1.229s] running egg_info
[1.230s] creating ../../build/my_first_publisher/my_first_publisher.egg-info
[1.230s] writing ../../build/my_first_publisher/my_first_publisher.egg-info/PKG-INFO
[1.230s] writing dependency_links to ../../build/my_first_publisher/my_first_publisher.egg-info/dependency_links.txt
[1.231s] writing entry points to ../../build/my_first_publisher/my_first_publisher.egg-info/entry_points.txt
[1.231s] writing requirements to ../../build/my_first_publisher/my_first_publisher.egg-info/requires.txt
[1.231s] writing top-level names to ../../build/my_first_publisher/my_first_publisher.egg-info/top_level.txt
[1.232s] writing manifest file '../../build/my_first_publisher/my_first_publisher.egg-info/SOURCES.txt'
[1.260s] reading manifest file '../../build/my_first_publisher/my_first_publisher.egg-info/SOURCES.txt'
[1.261s] writing manifest file '../../build/my_first_publisher/my_first_publisher.egg-info/SOURCES.txt'
[1.261s] running build
[1.261s] running build_py
[1.261s] creating /home/vagrant/turtlebot3_ws/build/my_first_publisher/build
[1.261s] creating /home/vagrant/turtlebot3_ws/build/my_first_publisher/build/lib
[1.262s] creating /home/vagrant/turtlebot3_ws/build/my_first_publisher/build/lib/my_first_publisher
[1.262s] copying my_first_publisher/simple_publisher.py -> /home/vagrant/turtlebot3_ws/build/my_first_publisher/build/lib/my_first_publisher
[1.262s] copying my_first_publisher/__init__.py -> /home/vagrant/turtlebot3_ws/build/my_first_publisher/build/lib/my_first_publisher
[1.262s] running install
[1.263s] running install_lib
[1.264s] creating /home/vagrant/turtlebot3_ws/install/my_first_publisher/lib/python3.8/site-packages/my_first_publisher
[1.264s] copying /home/vagrant/turtlebot3_ws/build/my_first_publisher/build/lib/my_first_publisher/simple_publisher.py -> /home/vagrant/turtlebot3_ws/install/my_first_publisher/lib/python3.8/site-packages/my_first_publisher
[1.264s] copying /home/vagrant/turtlebot3_ws/build/my_first_publisher/build/lib/my_first_publisher/__init__.py -> /home/vagrant/turtlebot3_ws/install/my_first_publisher/lib/python3.8/site-packages/my_first_publisher
[1.264s] byte-compiling /home/vagrant/turtlebot3_ws/install/my_first_publisher/lib/python3.8/site-packages/my_first_publisher/simple_publisher.py to simple_publisher.cpython-38.pyc
[1.266s] byte-compiling /home/vagrant/turtlebot3_ws/install/my_first_publisher/lib/python3.8/site-packages/my_first_publisher/__init__.py to __init__.cpython-38.pyc
[1.266s] running install_data
[1.266s] creating /home/vagrant/turtlebot3_ws/install/my_first_publisher/share/ament_index
[1.266s] creating /home/vagrant/turtlebot3_ws/install/my_first_publisher/share/ament_index/resource_index
[1.267s] creating /home/vagrant/turtlebot3_ws/install/my_first_publisher/share/ament_index/resource_index/packages
[1.267s] copying resource/my_first_publisher -> /home/vagrant/turtlebot3_ws/install/my_first_publisher/share/ament_index/resource_index/packages
[1.267s] copying package.xml -> /home/vagrant/turtlebot3_ws/install/my_first_publisher/share/my_first_publisher
[1.267s] running install_egg_info
[1.269s] Copying ../../build/my_first_publisher/my_first_publisher.egg-info to /home/vagrant/turtlebot3_ws/install/my_first_publisher/lib/python3.8/site-packages/my_first_publisher-0.0.0-py3.8.egg-info
[1.269s] running install_scripts
[1.285s] Installing simple_publisher script to /home/vagrant/turtlebot3_ws/install/my_first_publisher/lib/my_first_publisher
[1.285s] writing list of installed files to '/home/vagrant/turtlebot3_ws/build/my_first_publisher/install.log'
[1.327s] Invoked command in '/home/vagrant/turtlebot3_ws/src/my_first_publisher' returned '0': PS1=\[\e]0;\u@\h: \w\a\]${debian_chroot:+($debian_chroot)}\[\033[01;32m\]\u@\h\[\033[00m\]:\[\033[01;34m\]\w\[\033[00m\]\$ PYTHONPATH=/home/vagrant/turtlebot3_ws/install/my_first_publisher/lib/python3.8/site-packages:${PYTHONPATH} /usr/bin/python3 setup.py egg_info --egg-base ../../build/my_first_publisher build --build-base /home/vagrant/turtlebot3_ws/build/my_first_publisher/build install --prefix /home/vagrant/turtlebot3_ws/install/my_first_publisher --record /home/vagrant/turtlebot3_ws/build/my_first_publisher/install.log --single-version-externally-managed
