[0.008s] Invoking command in '/home/vagrant/turtlebot3_ws/build/turtlebot3_simulations': CMAKE_PREFIX_PATH=/home/vagrant/turtlebot3_ws/install/turtlebot3_gazebo:/home/vagrant/turtlebot3_ws/install/turtlebot3_fake_node:/home/vagrant/turtlebot3_ws/install/turtlebot3_simulations:/home/vagrant/turtlebot3_ws/install/package_name:/home/vagrant/turtlebot3_ws/install/my_first_subscriber:/home/vagrant/turtlebot3_ws/install/my_first_publisher:/opt/ros/foxy PS1=\[\e]0;\u@\h: \w\a\]${debian_chroot:+($debian_chroot)}\[\033[01;32m\]\u@\h\[\033[00m\]:\[\033[01;34m\]\w\[\033[00m\]\$ /usr/bin/cmake /home/vagrant/turtlebot3_ws/src/turtlebot3_simulations/turtlebot3_simulations -DCMAKE_INSTALL_PREFIX=/home/vagrant/turtlebot3_ws/install/turtlebot3_simulations
[0.058s] -- The C compiler identification is GNU 9.3.0
[0.099s] -- The CXX compiler identification is GNU 9.3.0
[0.103s] -- Check for working C compiler: /usr/bin/cc
[0.154s] -- Check for working C compiler: /usr/bin/cc -- works
[0.154s] -- Detecting C compiler ABI info
[0.205s] -- Detecting C compiler ABI info - done
[0.215s] -- Detecting C compile features
[0.215s] -- Detecting C compile features - done
[0.217s] -- Check for working CXX compiler: /usr/bin/c++
[0.276s] -- Check for working CXX compiler: /usr/bin/c++ -- works
[0.277s] -- Detecting CXX compiler ABI info
[0.340s] -- Detecting CXX compiler ABI info - done
[0.348s] -- Detecting CXX compile features
[0.349s] -- Detecting CXX compile features - done
[0.351s] -- Found ament_cmake: 0.9.9 (/opt/ros/foxy/share/ament_cmake/cmake)
[0.371s] -- Found PythonInterp: /usr/bin/python3 (found suitable version "3.8.10", minimum required is "3") 
[0.371s] -- Using PYTHON_EXECUTABLE: /usr/bin/python3
[0.570s] -- Configuring done
[0.572s] -- Generating done
[0.572s] -- Build files have been written to: /home/vagrant/turtlebot3_ws/build/turtlebot3_simulations
[0.575s] Invoked command in '/home/vagrant/turtlebot3_ws/build/turtlebot3_simulations' returned '0': CMAKE_PREFIX_PATH=/home/vagrant/turtlebot3_ws/install/turtlebot3_gazebo:/home/vagrant/turtlebot3_ws/install/turtlebot3_fake_node:/home/vagrant/turtlebot3_ws/install/turtlebot3_simulations:/home/vagrant/turtlebot3_ws/install/package_name:/home/vagrant/turtlebot3_ws/install/my_first_subscriber:/home/vagrant/turtlebot3_ws/install/my_first_publisher:/opt/ros/foxy PS1=\[\e]0;\u@\h: \w\a\]${debian_chroot:+($debian_chroot)}\[\033[01;32m\]\u@\h\[\033[00m\]:\[\033[01;34m\]\w\[\033[00m\]\$ /usr/bin/cmake /home/vagrant/turtlebot3_ws/src/turtlebot3_simulations/turtlebot3_simulations -DCMAKE_INSTALL_PREFIX=/home/vagrant/turtlebot3_ws/install/turtlebot3_simulations
[0.577s] Invoking command in '/home/vagrant/turtlebot3_ws/build/turtlebot3_simulations': CMAKE_PREFIX_PATH=/home/vagrant/turtlebot3_ws/install/turtlebot3_gazebo:/home/vagrant/turtlebot3_ws/install/turtlebot3_fake_node:/home/vagrant/turtlebot3_ws/install/turtlebot3_simulations:/home/vagrant/turtlebot3_ws/install/package_name:/home/vagrant/turtlebot3_ws/install/my_first_subscriber:/home/vagrant/turtlebot3_ws/install/my_first_publisher:/opt/ros/foxy PS1=\[\e]0;\u@\h: \w\a\]${debian_chroot:+($debian_chroot)}\[\033[01;32m\]\u@\h\[\033[00m\]:\[\033[01;34m\]\w\[\033[00m\]\$ /usr/bin/cmake --build /home/vagrant/turtlebot3_ws/build/turtlebot3_simulations -- -j2 -l2
[0.608s] Invoked command in '/home/vagrant/turtlebot3_ws/build/turtlebot3_simulations' returned '0': CMAKE_PREFIX_PATH=/home/vagrant/turtlebot3_ws/install/turtlebot3_gazebo:/home/vagrant/turtlebot3_ws/install/turtlebot3_fake_node:/home/vagrant/turtlebot3_ws/install/turtlebot3_simulations:/home/vagrant/turtlebot3_ws/install/package_name:/home/vagrant/turtlebot3_ws/install/my_first_subscriber:/home/vagrant/turtlebot3_ws/install/my_first_publisher:/opt/ros/foxy PS1=\[\e]0;\u@\h: \w\a\]${debian_chroot:+($debian_chroot)}\[\033[01;32m\]\u@\h\[\033[00m\]:\[\033[01;34m\]\w\[\033[00m\]\$ /usr/bin/cmake --build /home/vagrant/turtlebot3_ws/build/turtlebot3_simulations -- -j2 -l2
[0.641s] Invoking command in '/home/vagrant/turtlebot3_ws/build/turtlebot3_simulations': CMAKE_PREFIX_PATH=/home/vagrant/turtlebot3_ws/install/turtlebot3_gazebo:/home/vagrant/turtlebot3_ws/install/turtlebot3_fake_node:/home/vagrant/turtlebot3_ws/install/turtlebot3_simulations:/home/vagrant/turtlebot3_ws/install/package_name:/home/vagrant/turtlebot3_ws/install/my_first_subscriber:/home/vagrant/turtlebot3_ws/install/my_first_publisher:/opt/ros/foxy PS1=\[\e]0;\u@\h: \w\a\]${debian_chroot:+($debian_chroot)}\[\033[01;32m\]\u@\h\[\033[00m\]:\[\033[01;34m\]\w\[\033[00m\]\$ /usr/bin/cmake --install /home/vagrant/turtlebot3_ws/build/turtlebot3_simulations
[0.648s] -- Install configuration: ""
[0.648s] -- Installing: /home/vagrant/turtlebot3_ws/install/turtlebot3_simulations/share/ament_index/resource_index/package_run_dependencies/turtlebot3_simulations
[0.648s] -- Installing: /home/vagrant/turtlebot3_ws/install/turtlebot3_simulations/share/ament_index/resource_index/parent_prefix_path/turtlebot3_simulations
[0.648s] -- Installing: /home/vagrant/turtlebot3_ws/install/turtlebot3_simulations/share/turtlebot3_simulations/environment/ament_prefix_path.sh
[0.648s] -- Installing: /home/vagrant/turtlebot3_ws/install/turtlebot3_simulations/share/turtlebot3_simulations/environment/ament_prefix_path.dsv
[0.649s] -- Installing: /home/vagrant/turtlebot3_ws/install/turtlebot3_simulations/share/turtlebot3_simulations/environment/path.sh
[0.649s] -- Installing: /home/vagrant/turtlebot3_ws/install/turtlebot3_simulations/share/turtlebot3_simulations/environment/path.dsv
[0.649s] -- Installing: /home/vagrant/turtlebot3_ws/install/turtlebot3_simulations/share/turtlebot3_simulations/local_setup.bash
[0.649s] -- Installing: /home/vagrant/turtlebot3_ws/install/turtlebot3_simulations/share/turtlebot3_simulations/local_setup.sh
[0.649s] -- Installing: /home/vagrant/turtlebot3_ws/install/turtlebot3_simulations/share/turtlebot3_simulations/local_setup.zsh
[0.649s] -- Installing: /home/vagrant/turtlebot3_ws/install/turtlebot3_simulations/share/turtlebot3_simulations/local_setup.dsv
[0.649s] -- Installing: /home/vagrant/turtlebot3_ws/install/turtlebot3_simulations/share/turtlebot3_simulations/package.dsv
[0.649s] -- Installing: /home/vagrant/turtlebot3_ws/install/turtlebot3_simulations/share/ament_index/resource_index/packages/turtlebot3_simulations
[0.649s] -- Installing: /home/vagrant/turtlebot3_ws/install/turtlebot3_simulations/share/turtlebot3_simulations/cmake/turtlebot3_simulationsConfig.cmake
[0.649s] -- Installing: /home/vagrant/turtlebot3_ws/install/turtlebot3_simulations/share/turtlebot3_simulations/cmake/turtlebot3_simulationsConfig-version.cmake
[0.649s] -- Installing: /home/vagrant/turtlebot3_ws/install/turtlebot3_simulations/share/turtlebot3_simulations/package.xml
[0.653s] Invoked command in '/home/vagrant/turtlebot3_ws/build/turtlebot3_simulations' returned '0': CMAKE_PREFIX_PATH=/home/vagrant/turtlebot3_ws/install/turtlebot3_gazebo:/home/vagrant/turtlebot3_ws/install/turtlebot3_fake_node:/home/vagrant/turtlebot3_ws/install/turtlebot3_simulations:/home/vagrant/turtlebot3_ws/install/package_name:/home/vagrant/turtlebot3_ws/install/my_first_subscriber:/home/vagrant/turtlebot3_ws/install/my_first_publisher:/opt/ros/foxy PS1=\[\e]0;\u@\h: \w\a\]${debian_chroot:+($debian_chroot)}\[\033[01;32m\]\u@\h\[\033[00m\]:\[\033[01;34m\]\w\[\033[00m\]\$ /usr/bin/cmake --install /home/vagrant/turtlebot3_ws/build/turtlebot3_simulations
