[0.446s] Invoking command in '/home/vagrant/turtlebot3_ws/src/show_msg': PS1=\[\e]0;\u@\h: \w\a\]${debian_chroot:+($debian_chroot)}\[\033[01;32m\]\u@\h\[\033[00m\]:\[\033[01;34m\]\w\[\033[00m\]\$ PYTHONPATH=/home/vagrant/turtlebot3_ws/install/show_msg/lib/python3.8/site-packages:/home/vagrant/turtlebot3_ws/install/custom_interface/lib/python3.8/site-packages:/home/vagrant/turtlebot3_ws/install/show_msg/lib/python3.8/site-packages:/home/vagrant/turtlebot3_ws/install/my_first_subscriber/lib/python3.8/site-packages:/home/vagrant/turtlebot3_ws/install/my_first_publisher/lib/python3.8/site-packages:/opt/ros/foxy/lib/python3.8/site-packages /usr/bin/python3 setup.py egg_info --egg-base ../../build/show_msg build --build-base /home/vagrant/turtlebot3_ws/build/show_msg/build install --prefix /home/vagrant/turtlebot3_ws/install/show_msg --record /home/vagrant/turtlebot3_ws/build/show_msg/install.log --single-version-externally-managed
[0.590s] running egg_info
[0.591s] writing ../../build/show_msg/show_msg.egg-info/PKG-INFO
[0.591s] writing dependency_links to ../../build/show_msg/show_msg.egg-info/dependency_links.txt
[0.591s] writing entry points to ../../build/show_msg/show_msg.egg-info/entry_points.txt
[0.591s] writing requirements to ../../build/show_msg/show_msg.egg-info/requires.txt
[0.591s] writing top-level names to ../../build/show_msg/show_msg.egg-info/top_level.txt
[0.616s] reading manifest file '../../build/show_msg/show_msg.egg-info/SOURCES.txt'
[0.617s] writing manifest file '../../build/show_msg/show_msg.egg-info/SOURCES.txt'
[0.617s] running build
[0.617s] running build_py
[0.617s] running install
[0.618s] running install_lib
[0.619s] running install_data
[0.619s] copying launch/show_msg.launch.py -> /home/vagrant/turtlebot3_ws/install/show_msg/share/show_msg
[0.619s] running install_egg_info
[0.620s] removing '/home/vagrant/turtlebot3_ws/install/show_msg/lib/python3.8/site-packages/show_msg-0.0.0-py3.8.egg-info' (and everything under it)
[0.620s] Copying ../../build/show_msg/show_msg.egg-info to /home/vagrant/turtlebot3_ws/install/show_msg/lib/python3.8/site-packages/show_msg-0.0.0-py3.8.egg-info
[0.621s] running install_scripts
[0.633s] Installing show_msg script to /home/vagrant/turtlebot3_ws/install/show_msg/lib/show_msg
[0.633s] writing list of installed files to '/home/vagrant/turtlebot3_ws/build/show_msg/install.log'
[0.648s] Invoked command in '/home/vagrant/turtlebot3_ws/src/show_msg' returned '0': PS1=\[\e]0;\u@\h: \w\a\]${debian_chroot:+($debian_chroot)}\[\033[01;32m\]\u@\h\[\033[00m\]:\[\033[01;34m\]\w\[\033[00m\]\$ PYTHONPATH=/home/vagrant/turtlebot3_ws/install/show_msg/lib/python3.8/site-packages:/home/vagrant/turtlebot3_ws/install/custom_interface/lib/python3.8/site-packages:/home/vagrant/turtlebot3_ws/install/show_msg/lib/python3.8/site-packages:/home/vagrant/turtlebot3_ws/install/my_first_subscriber/lib/python3.8/site-packages:/home/vagrant/turtlebot3_ws/install/my_first_publisher/lib/python3.8/site-packages:/opt/ros/foxy/lib/python3.8/site-packages /usr/bin/python3 setup.py egg_info --egg-base ../../build/show_msg build --build-base /home/vagrant/turtlebot3_ws/build/show_msg/build install --prefix /home/vagrant/turtlebot3_ws/install/show_msg --record /home/vagrant/turtlebot3_ws/build/show_msg/install.log --single-version-externally-managed
